<?xml version="1.0" encoding="UTF-8"?>
<coverage generated="1769804467926" clover="3.2.0">
  <project timestamp="1769804467926" name="All files">
    <metrics statements="292" coveredstatements="243" conditionals="51" coveredconditionals="27" methods="44" coveredmethods="39" elements="387" coveredelements="309" complexity="0" loc="292" ncloc="292" packages="8" files="23" classes="23"/>
    <package name="src">
      <metrics statements="29" coveredstatements="28" conditionals="2" coveredconditionals="0" methods="2" coveredmethods="1"/>
      <file name="app.ts" path="C:\Users\cine_\Desktop\Coding\gym_backend\src\app.ts">
        <metrics statements="20" coveredstatements="19" conditionals="2" coveredconditionals="0" methods="1" coveredmethods="0"/>
        <line num="1" count="3" type="stmt"/>
        <line num="2" count="3" type="stmt"/>
        <line num="3" count="3" type="stmt"/>
        <line num="4" count="3" type="stmt"/>
        <line num="5" count="3" type="stmt"/>
        <line num="8" count="3" type="stmt"/>
        <line num="9" count="3" type="stmt"/>
        <line num="10" count="3" type="stmt"/>
        <line num="13" count="3" type="stmt"/>
        <line num="15" count="3" type="stmt"/>
        <line num="17" count="3" type="stmt"/>
        <line num="20" count="3" type="stmt"/>
        <line num="21" count="3" type="stmt"/>
        <line num="22" count="3" type="stmt"/>
        <line num="30" count="3" type="stmt"/>
        <line num="31" count="3" type="stmt"/>
        <line num="32" count="3" type="stmt"/>
        <line num="35" count="3" type="stmt"/>
        <line num="36" count="0" type="stmt"/>
        <line num="43" count="3" type="stmt"/>
      </file>
      <file name="swagger.ts" path="C:\Users\cine_\Desktop\Coding\gym_backend\src\swagger.ts">
        <metrics statements="9" coveredstatements="9" conditionals="0" coveredconditionals="0" methods="1" coveredmethods="1"/>
        <line num="1" count="3" type="stmt"/>
        <line num="2" count="3" type="stmt"/>
        <line num="3" count="3" type="stmt"/>
        <line num="5" count="3" type="stmt"/>
        <line num="6" count="3" type="stmt"/>
        <line num="8" count="3" type="stmt"/>
        <line num="40" count="3" type="stmt"/>
        <line num="42" count="3" type="stmt"/>
        <line num="43" count="3" type="stmt"/>
      </file>
    </package>
    <package name="src.controllers">
      <metrics statements="76" coveredstatements="57" conditionals="8" coveredconditionals="5" methods="12" coveredmethods="11"/>
      <file name="auth.controller.ts" path="C:\Users\cine_\Desktop\Coding\gym_backend\src\controllers\auth.controller.ts">
        <metrics statements="15" coveredstatements="9" conditionals="2" coveredconditionals="2" methods="2" coveredmethods="1"/>
        <line num="2" count="3" type="stmt"/>
        <line num="5" count="3" type="stmt"/>
        <line num="6" count="20" type="stmt"/>
        <line num="7" count="20" type="stmt"/>
        <line num="8" count="20" type="stmt"/>
        <line num="10" count="20" type="cond" truecount="2" falsecount="0"/>
        <line num="11" count="1" type="stmt"/>
        <line num="14" count="19" type="stmt"/>
        <line num="16" count="0" type="stmt"/>
        <line num="21" count="3" type="stmt"/>
        <line num="22" count="0" type="stmt"/>
        <line num="23" count="0" type="stmt"/>
        <line num="24" count="0" type="stmt"/>
        <line num="26" count="0" type="stmt"/>
        <line num="31" count="0" type="stmt"/>
      </file>
      <file name="schedule.controller.ts" path="C:\Users\cine_\Desktop\Coding\gym_backend\src\controllers\schedule.controller.ts">
        <metrics statements="23" coveredstatements="19" conditionals="0" coveredconditionals="0" methods="4" coveredmethods="4"/>
        <line num="2" count="3" type="stmt"/>
        <line num="5" count="3" type="stmt"/>
        <line num="6" count="4" type="stmt"/>
        <line num="7" count="4" type="stmt"/>
        <line num="8" count="4" type="stmt"/>
        <line num="10" count="0" type="stmt"/>
        <line num="15" count="3" type="stmt"/>
        <line num="16" count="1" type="stmt"/>
        <line num="17" count="1" type="stmt"/>
        <line num="18" count="1" type="stmt"/>
        <line num="20" count="0" type="stmt"/>
        <line num="25" count="3" type="stmt"/>
        <line num="26" count="1" type="stmt"/>
        <line num="27" count="1" type="stmt"/>
        <line num="28" count="1" type="stmt"/>
        <line num="29" count="1" type="stmt"/>
        <line num="31" count="0" type="stmt"/>
        <line num="36" count="3" type="stmt"/>
        <line num="37" count="1" type="stmt"/>
        <line num="38" count="1" type="stmt"/>
        <line num="39" count="1" type="stmt"/>
        <line num="40" count="1" type="stmt"/>
        <line num="42" count="0" type="stmt"/>
      </file>
      <file name="user.controller.ts" path="C:\Users\cine_\Desktop\Coding\gym_backend\src\controllers\user.controller.ts">
        <metrics statements="38" coveredstatements="29" conditionals="6" coveredconditionals="3" methods="6" coveredmethods="6"/>
        <line num="2" count="3" type="stmt"/>
        <line num="5" count="3" type="stmt"/>
        <line num="6" count="1" type="stmt"/>
        <line num="7" count="1" type="stmt"/>
        <line num="8" count="1" type="stmt"/>
        <line num="10" count="0" type="stmt"/>
        <line num="15" count="3" type="stmt"/>
        <line num="16" count="1" type="stmt"/>
        <line num="17" count="1" type="stmt"/>
        <line num="19" count="1" type="cond" truecount="1" falsecount="1"/>
        <line num="20" count="0" type="stmt"/>
        <line num="23" count="1" type="stmt"/>
        <line num="25" count="0" type="stmt"/>
        <line num="30" count="3" type="stmt"/>
        <line num="31" count="1" type="stmt"/>
        <line num="32" count="1" type="stmt"/>
        <line num="33" count="1" type="stmt"/>
        <line num="35" count="0" type="stmt"/>
        <line num="40" count="3" type="stmt"/>
        <line num="41" count="2" type="stmt"/>
        <line num="42" count="2" type="stmt"/>
        <line num="43" count="2" type="stmt"/>
        <line num="45" count="0" type="stmt"/>
        <line num="50" count="3" type="stmt"/>
        <line num="51" count="1" type="stmt"/>
        <line num="52" count="1" type="stmt"/>
        <line num="53" count="1" type="stmt"/>
        <line num="55" count="0" type="stmt"/>
        <line num="60" count="3" type="stmt"/>
        <line num="61" count="1" type="stmt"/>
        <line num="63" count="1" type="stmt"/>
        <line num="65" count="1" type="cond" truecount="1" falsecount="1"/>
        <line num="66" count="0" type="stmt"/>
        <line num="69" count="1" type="stmt"/>
        <line num="71" count="1" type="cond" truecount="1" falsecount="1"/>
        <line num="72" count="0" type="stmt"/>
        <line num="75" count="1" type="stmt"/>
        <line num="77" count="0" type="stmt"/>
      </file>
    </package>
    <package name="src.middlewares">
      <metrics statements="48" coveredstatements="40" conditionals="23" coveredconditionals="16" methods="7" coveredmethods="7"/>
      <file name="admin.middleware.ts" path="C:\Users\cine_\Desktop\Coding\gym_backend\src\middlewares\admin.middleware.ts">
        <metrics statements="8" coveredstatements="6" conditionals="4" coveredconditionals="3" methods="1" coveredmethods="1"/>
        <line num="4" count="3" type="stmt"/>
        <line num="5" count="12" type="stmt"/>
        <line num="7" count="12" type="cond" truecount="1" falsecount="1"/>
        <line num="8" count="0" type="stmt"/>
        <line num="12" count="12" type="cond" truecount="2" falsecount="0"/>
        <line num="13" count="4" type="stmt"/>
        <line num="16" count="8" type="stmt"/>
        <line num="18" count="0" type="stmt"/>
      </file>
      <file name="auth.middleware.ts" path="C:\Users\cine_\Desktop\Coding\gym_backend\src\middlewares\auth.middleware.ts">
        <metrics statements="16" coveredstatements="13" conditionals="8" coveredconditionals="5" methods="1" coveredmethods="1"/>
        <line num="2" count="3" type="stmt"/>
        <line num="3" count="3" type="stmt"/>
        <line num="6" count="3" type="stmt"/>
        <line num="8" count="3" type="cond" truecount="1" falsecount="1"/>
        <line num="20" count="3" type="stmt"/>
        <line num="21" count="16" type="stmt"/>
        <line num="23" count="16" type="cond" truecount="3" falsecount="1"/>
        <line num="24" count="0" type="stmt"/>
        <line num="27" count="16" type="stmt"/>
        <line num="29" count="16" type="cond" truecount="1" falsecount="1"/>
        <line num="30" count="0" type="stmt"/>
        <line num="33" count="16" type="stmt"/>
        <line num="34" count="16" type="stmt"/>
        <line num="35" count="16" type="stmt"/>
        <line num="36" count="16" type="stmt"/>
        <line num="38" count="0" type="stmt"/>
      </file>
      <file name="self.middleware.ts" path="C:\Users\cine_\Desktop\Coding\gym_backend\src\middlewares\self.middleware.ts">
        <metrics statements="13" coveredstatements="11" conditionals="6" coveredconditionals="5" methods="1" coveredmethods="1"/>
        <line num="4" count="3" type="stmt"/>
        <line num="5" count="3" type="stmt"/>
        <line num="6" count="3" type="stmt"/>
        <line num="7" count="3" type="stmt"/>
        <line num="8" count="3" type="stmt"/>
        <line num="10" count="3" type="cond" truecount="1" falsecount="1"/>
        <line num="11" count="0" type="stmt"/>
        <line num="15" count="3" type="cond" truecount="2" falsecount="0"/>
        <line num="16" count="1" type="stmt"/>
        <line num="20" count="2" type="cond" truecount="2" falsecount="0"/>
        <line num="21" count="1" type="stmt"/>
        <line num="24" count="1" type="stmt"/>
        <line num="26" count="0" type="stmt"/>
      </file>
      <file name="validate.middleware.ts" path="C:\Users\cine_\Desktop\Coding\gym_backend\src\middlewares\validate.middleware.ts">
        <metrics statements="5" coveredstatements="5" conditionals="0" coveredconditionals="0" methods="2" coveredmethods="2"/>
        <line num="5" count="18" type="stmt"/>
        <line num="6" count="27" type="stmt"/>
        <line num="8" count="27" type="stmt"/>
        <line num="9" count="25" type="stmt"/>
        <line num="12" count="2" type="stmt"/>
      </file>
      <file name="validateObjectId.middleware.ts" path="C:\Users\cine_\Desktop\Coding\gym_backend\src\middlewares\validateObjectId.middleware.ts">
        <metrics statements="6" coveredstatements="5" conditionals="5" coveredconditionals="3" methods="2" coveredmethods="2"/>
        <line num="2" count="3" type="stmt"/>
        <line num="4" count="9" type="cond" truecount="0" falsecount="1"/>
        <line num="5" count="5" type="stmt"/>
        <line num="6" count="5" type="cond" truecount="3" falsecount="1"/>
        <line num="7" count="0" type="stmt"/>
        <line num="9" count="5" type="stmt"/>
      </file>
    </package>
    <package name="src.models">
      <metrics statements="7" coveredstatements="7" conditionals="0" coveredconditionals="0" methods="0" coveredmethods="0"/>
      <file name="schedule.model.ts" path="C:\Users\cine_\Desktop\Coding\gym_backend\src\models\schedule.model.ts">
        <metrics statements="4" coveredstatements="4" conditionals="0" coveredconditionals="0" methods="0" coveredmethods="0"/>
        <line num="1" count="3" type="stmt"/>
        <line num="18" count="3" type="stmt"/>
        <line num="29" count="3" type="stmt"/>
        <line num="62" count="3" type="stmt"/>
      </file>
      <file name="user.model.ts" path="C:\Users\cine_\Desktop\Coding\gym_backend\src\models\user.model.ts">
        <metrics statements="3" coveredstatements="3" conditionals="0" coveredconditionals="0" methods="0" coveredmethods="0"/>
        <line num="1" count="3" type="stmt"/>
        <line num="13" count="3" type="stmt"/>
        <line num="48" count="3" type="stmt"/>
      </file>
    </package>
    <package name="src.repositories">
      <metrics statements="15" coveredstatements="15" conditionals="0" coveredconditionals="0" methods="10" coveredmethods="10"/>
      <file name="schedule.repository.ts" path="C:\Users\cine_\Desktop\Coding\gym_backend\src\repositories\schedule.repository.ts">
        <metrics statements="6" coveredstatements="6" conditionals="0" coveredconditionals="0" methods="4" coveredmethods="4"/>
        <line num="1" count="3" type="stmt"/>
        <line num="3" count="3" type="stmt"/>
        <line num="5" count="4" type="stmt"/>
        <line num="9" count="1" type="stmt"/>
        <line num="16" count="1" type="stmt"/>
        <line num="24" count="1" type="stmt"/>
      </file>
      <file name="user.repository.ts" path="C:\Users\cine_\Desktop\Coding\gym_backend\src\repositories\user.repository.ts">
        <metrics statements="9" coveredstatements="9" conditionals="0" coveredconditionals="0" methods="6" coveredmethods="6"/>
        <line num="1" count="3" type="stmt"/>
        <line num="4" count="3" type="stmt"/>
        <line num="6" count="1" type="stmt"/>
        <line num="10" count="2" type="stmt"/>
        <line num="14" count="20" type="stmt"/>
        <line num="18" count="1" type="stmt"/>
        <line num="19" count="1" type="stmt"/>
        <line num="23" count="2" type="stmt"/>
        <line num="27" count="1" type="stmt"/>
      </file>
    </package>
    <package name="src.routes">
      <metrics statements="37" coveredstatements="37" conditionals="0" coveredconditionals="0" methods="0" coveredmethods="0"/>
      <file name="auth.routes.ts" path="C:\Users\cine_\Desktop\Coding\gym_backend\src\routes\auth.routes.ts">
        <metrics statements="9" coveredstatements="9" conditionals="0" coveredconditionals="0" methods="0" coveredmethods="0"/>
        <line num="1" count="3" type="stmt"/>
        <line num="2" count="3" type="stmt"/>
        <line num="3" count="3" type="stmt"/>
        <line num="4" count="3" type="stmt"/>
        <line num="5" count="3" type="stmt"/>
        <line num="7" count="3" type="stmt"/>
        <line num="43" count="3" type="stmt"/>
        <line num="71" count="3" type="stmt"/>
        <line num="73" count="3" type="stmt"/>
      </file>
      <file name="schedule.routes.ts" path="C:\Users\cine_\Desktop\Coding\gym_backend\src\routes\schedule.routes.ts">
        <metrics statements="12" coveredstatements="12" conditionals="0" coveredconditionals="0" methods="0" coveredmethods="0"/>
        <line num="1" count="3" type="stmt"/>
        <line num="2" count="3" type="stmt"/>
        <line num="3" count="3" type="stmt"/>
        <line num="4" count="3" type="stmt"/>
        <line num="5" count="3" type="stmt"/>
        <line num="6" count="3" type="stmt"/>
        <line num="8" count="3" type="stmt"/>
        <line num="20" count="3" type="stmt"/>
        <line num="44" count="3" type="stmt"/>
        <line num="81" count="3" type="stmt"/>
        <line num="115" count="3" type="stmt"/>
        <line num="117" count="3" type="stmt"/>
      </file>
      <file name="user.routes.ts" path="C:\Users\cine_\Desktop\Coding\gym_backend\src\routes\user.routes.ts">
        <metrics statements="16" coveredstatements="16" conditionals="0" coveredconditionals="0" methods="0" coveredmethods="0"/>
        <line num="1" count="3" type="stmt"/>
        <line num="2" count="3" type="stmt"/>
        <line num="3" count="3" type="stmt"/>
        <line num="4" count="3" type="stmt"/>
        <line num="5" count="3" type="stmt"/>
        <line num="6" count="3" type="stmt"/>
        <line num="7" count="3" type="stmt"/>
        <line num="8" count="3" type="stmt"/>
        <line num="10" count="3" type="stmt"/>
        <line num="30" count="3" type="stmt"/>
        <line num="46" count="3" type="stmt"/>
        <line num="64" count="3" type="stmt"/>
        <line num="92" count="3" type="stmt"/>
        <line num="126" count="3" type="stmt"/>
        <line num="154" count="3" type="stmt"/>
        <line num="156" count="3" type="stmt"/>
      </file>
    </package>
    <package name="src.services">
      <metrics statements="69" coveredstatements="48" conditionals="18" coveredconditionals="6" methods="13" coveredmethods="10"/>
      <file name="auth.service.ts" path="C:\Users\cine_\Desktop\Coding\gym_backend\src\services\auth.service.ts">
        <metrics statements="26" coveredstatements="17" conditionals="10" coveredconditionals="4" methods="2" coveredmethods="1"/>
        <line num="2" count="3" type="stmt"/>
        <line num="3" count="3" type="stmt"/>
        <line num="4" count="3" type="stmt"/>
        <line num="5" count="3" type="stmt"/>
        <line num="7" count="3" type="stmt"/>
        <line num="9" count="3" type="cond" truecount="1" falsecount="1"/>
        <line num="10" count="3" type="stmt"/>
        <line num="12" count="3" type="stmt"/>
        <line num="15" count="3" type="stmt"/>
        <line num="16" count="20" type="stmt"/>
        <line num="18" count="20" type="cond" truecount="1" falsecount="1"/>
        <line num="20" count="20" type="stmt"/>
        <line num="21" count="20" type="cond" truecount="2" falsecount="0"/>
        <line num="23" count="19" type="stmt"/>
        <line num="29" count="19" type="stmt"/>
        <line num="31" count="19" type="stmt"/>
        <line num="46" count="3" type="stmt"/>
        <line num="53" count="0" type="stmt"/>
        <line num="55" count="0" type="cond" truecount="0" falsecount="2"/>
        <line num="56" count="0" type="stmt"/>
        <line num="59" count="0" type="stmt"/>
        <line num="61" count="0" type="stmt"/>
        <line num="69" count="0" type="cond" truecount="0" falsecount="2"/>
        <line num="70" count="0" type="stmt"/>
        <line num="73" count="0" type="stmt"/>
        <line num="75" count="0" type="stmt"/>
      </file>
      <file name="schedule.service.ts" path="C:\Users\cine_\Desktop\Coding\gym_backend\src\services\schedule.service.ts">
        <metrics statements="11" coveredstatements="11" conditionals="0" coveredconditionals="0" methods="4" coveredmethods="4"/>
        <line num="2" count="3" type="stmt"/>
        <line num="4" count="3" type="stmt"/>
        <line num="7" count="3" type="stmt"/>
        <line num="8" count="4" type="stmt"/>
        <line num="12" count="3" type="stmt"/>
        <line num="13" count="1" type="stmt"/>
        <line num="17" count="3" type="stmt"/>
        <line num="22" count="1" type="stmt"/>
        <line num="24" count="1" type="stmt"/>
        <line num="28" count="3" type="stmt"/>
        <line num="33" count="1" type="stmt"/>
      </file>
      <file name="user.service.ts" path="C:\Users\cine_\Desktop\Coding\gym_backend\src\services\user.service.ts">
        <metrics statements="32" coveredstatements="20" conditionals="8" coveredconditionals="2" methods="7" coveredmethods="5"/>
        <line num="2" count="3" type="stmt"/>
        <line num="3" count="3" type="stmt"/>
        <line num="5" count="3" type="stmt"/>
        <line num="6" count="3" type="stmt"/>
        <line num="9" count="3" type="stmt"/>
        <line num="10" count="1" type="stmt"/>
        <line num="14" count="3" type="stmt"/>
        <line num="15" count="2" type="stmt"/>
        <line num="19" count="3" type="stmt"/>
        <line num="20" count="0" type="stmt"/>
        <line num="24" count="3" type="stmt"/>
        <line num="25" count="1" type="cond" truecount="1" falsecount="1"/>
        <line num="26" count="1" type="stmt"/>
        <line num="27" count="1" type="stmt"/>
        <line num="30" count="1" type="stmt"/>
        <line num="34" count="3" type="stmt"/>
        <line num="35" count="2" type="cond" truecount="1" falsecount="1"/>
        <line num="36" count="0" type="stmt"/>
        <line num="37" count="0" type="stmt"/>
        <line num="40" count="2" type="stmt"/>
        <line num="44" count="3" type="stmt"/>
        <line num="45" count="1" type="stmt"/>
        <line num="49" count="3" type="stmt"/>
        <line num="56" count="0" type="stmt"/>
        <line num="58" count="0" type="cond" truecount="0" falsecount="2"/>
        <line num="59" count="0" type="stmt"/>
        <line num="62" count="0" type="stmt"/>
        <line num="64" count="0" type="stmt"/>
        <line num="72" count="0" type="cond" truecount="0" falsecount="2"/>
        <line num="73" count="0" type="stmt"/>
        <line num="76" count="0" type="stmt"/>
        <line num="78" count="0" type="stmt"/>
      </file>
    </package>
    <package name="src.validators">
      <metrics statements="11" coveredstatements="11" conditionals="0" coveredconditionals="0" methods="0" coveredmethods="0"/>
      <file name="auth.validator.ts" path="C:\Users\cine_\Desktop\Coding\gym_backend\src\validators\auth.validator.ts">
        <metrics statements="3" coveredstatements="3" conditionals="0" coveredconditionals="0" methods="0" coveredmethods="0"/>
        <line num="1" count="3" type="stmt"/>
        <line num="3" count="3" type="stmt"/>
        <line num="8" count="3" type="stmt"/>
      </file>
      <file name="schedule.validator.ts" path="C:\Users\cine_\Desktop\Coding\gym_backend\src\validators\schedule.validator.ts">
        <metrics statements="5" coveredstatements="5" conditionals="0" coveredconditionals="0" methods="0" coveredmethods="0"/>
        <line num="1" count="3" type="stmt"/>
        <line num="3" count="3" type="stmt"/>
        <line num="8" count="3" type="stmt"/>
        <line num="18" count="3" type="stmt"/>
        <line num="24" count="3" type="stmt"/>
      </file>
      <file name="user.validator.ts" path="C:\Users\cine_\Desktop\Coding\gym_backend\src\validators\user.validator.ts">
        <metrics statements="3" coveredstatements="3" conditionals="0" coveredconditionals="0" methods="0" coveredmethods="0"/>
        <line num="1" count="3" type="stmt"/>
        <line num="3" count="3" type="stmt"/>
        <line num="12" count="3" type="stmt"/>
      </file>
    </package>
  </project>
</coverage>
