{"C:\\Users\\cine_\\Desktop\\Coding\\gym-management-system\\gym_backend\\src\\app.ts": {"path":"C:\\Users\\cine_\\Desktop\\Coding\\gym-management-system\\gym_backend\\src\\app.ts","statementMap":{"0":{"start":{"line":1,"column":0},"end":{"line":1,"column":30}},"1":{"start":{"line":2,"column":0},"end":{"line":2,"column":28}},"2":{"start":{"line":3,"column":0},"end":{"line":3,"column":24}},"3":{"start":{"line":4,"column":0},"end":{"line":4,"column":28}},"4":{"start":{"line":5,"column":0},"end":{"line":5,"column":41}},"5":{"start":{"line":7,"column":0},"end":{"line":7,"column":46}},"6":{"start":{"line":8,"column":0},"end":{"line":8,"column":46}},"7":{"start":{"line":9,"column":0},"end":{"line":9,"column":54}},"8":{"start":{"line":11,"column":0},"end":{"line":11,"column":16}},"9":{"start":{"line":13,"column":12},"end":{"line":13,"column":21}},"10":{"start":{"line":15,"column":0},"end":{"line":15,"column":18}},"11":{"start":{"line":17,"column":0},"end":{"line":17,"column":23}},"12":{"start":{"line":18,"column":0},"end":{"line":18,"column":24}},"13":{"start":{"line":19,"column":0},"end":{"line":24,"column":4}},"14":{"start":{"line":26,"column":0},"end":{"line":26,"column":33}},"15":{"start":{"line":27,"column":0},"end":{"line":27,"column":34}},"16":{"start":{"line":28,"column":0},"end":{"line":28,"column":41}},"17":{"start":{"line":30,"column":0},"end":{"line":36,"column":3}},"18":{"start":{"line":31,"column":2},"end":{"line":35,"column":5}},"19":{"start":{"line":38,"column":0},"end":{"line":38,"column":19}}},"fnMap":{"0":{"name":"(anonymous_1)","decl":{"start":{"line":30,"column":23},"end":{"line":30,"column":24}},"loc":{"start":{"line":30,"column":36},"end":{"line":36,"column":1}}}},"branchMap":{"0":{"loc":{"start":{"line":33,"column":13},"end":{"line":33,"column":46}},"type":"binary-expr","locations":[{"start":{"line":33,"column":13},"end":{"line":33,"column":33}},{"start":{"line":33,"column":37},"end":{"line":33,"column":46}}]}},"s":{"0":3,"1":3,"2":3,"3":3,"4":3,"5":3,"6":3,"7":3,"8":3,"9":3,"10":3,"11":3,"12":3,"13":3,"14":3,"15":3,"16":3,"17":3,"18":0,"19":3},"f":{"0":0},"b":{"0":[0,0]}}
,"C:\\Users\\cine_\\Desktop\\Coding\\gym-management-system\\gym_backend\\src\\swagger.ts": {"path":"C:\\Users\\cine_\\Desktop\\Coding\\gym-management-system\\gym_backend\\src\\swagger.ts","statementMap":{"0":{"start":{"line":1,"column":0},"end":{"line":1,"column":41}},"1":{"start":{"line":2,"column":0},"end":{"line":2,"column":43}},"2":{"start":{"line":3,"column":0},"end":{"line":3,"column":52}},"3":{"start":{"line":5,"column":0},"end":{"line":5,"column":39}},"4":{"start":{"line":6,"column":0},"end":{"line":6,"column":47}},"5":{"start":{"line":8,"column":38},"end":{"line":38,"column":2}},"6":{"start":{"line":40,"column":13},"end":{"line":40,"column":49}},"7":{"start":{"line":42,"column":28},"end":{"line":44,"column":1}},"8":{"start":{"line":43,"column":2},"end":{"line":43,"column":70}},"9":{"start":{"line":42,"column":13},"end":{"line":42,"column":28}}},"fnMap":{"0":{"name":"(anonymous_1)","decl":{"start":{"line":42,"column":28},"end":{"line":42,"column":29}},"loc":{"start":{"line":42,"column":45},"end":{"line":44,"column":1}}}},"branchMap":{},"s":{"0":3,"1":3,"2":3,"3":3,"4":3,"5":3,"6":3,"7":3,"8":3,"9":3},"f":{"0":3},"b":{}}
,"C:\\Users\\cine_\\Desktop\\Coding\\gym-management-system\\gym_backend\\src\\controllers\\auth.controller.ts": {"path":"C:\\Users\\cine_\\Desktop\\Coding\\gym-management-system\\gym_backend\\src\\controllers\\auth.controller.ts","statementMap":{"0":{"start":{"line":2,"column":0},"end":{"line":2,"column":56}},"1":{"start":{"line":5,"column":21},"end":{"line":18,"column":1}},"2":{"start":{"line":6,"column":2},"end":{"line":17,"column":3}},"3":{"start":{"line":7,"column":32},"end":{"line":7,"column":40}},"4":{"start":{"line":8,"column":19},"end":{"line":8,"column":59}},"5":{"start":{"line":10,"column":4},"end":{"line":12,"column":5}},"6":{"start":{"line":11,"column":6},"end":{"line":11,"column":70}},"7":{"start":{"line":14,"column":4},"end":{"line":14,"column":69}},"8":{"start":{"line":16,"column":4},"end":{"line":16,"column":70}},"9":{"start":{"line":5,"column":13},"end":{"line":5,"column":21}},"10":{"start":{"line":21,"column":24},"end":{"line":33,"column":1}},"11":{"start":{"line":22,"column":2},"end":{"line":32,"column":3}},"12":{"start":{"line":23,"column":60},"end":{"line":23,"column":68}},"13":{"start":{"line":24,"column":19},"end":{"line":24,"column":90}},"14":{"start":{"line":26,"column":4},"end":{"line":29,"column":7}},"15":{"start":{"line":31,"column":4},"end":{"line":31,"column":14}},"16":{"start":{"line":21,"column":13},"end":{"line":21,"column":24}}},"fnMap":{"0":{"name":"(anonymous_9)","decl":{"start":{"line":5,"column":21},"end":{"line":5,"column":26}},"loc":{"start":{"line":5,"column":79},"end":{"line":18,"column":1}}},"1":{"name":"(anonymous_10)","decl":{"start":{"line":21,"column":24},"end":{"line":21,"column":29}},"loc":{"start":{"line":21,"column":82},"end":{"line":33,"column":1}}}},"branchMap":{"0":{"loc":{"start":{"line":10,"column":4},"end":{"line":12,"column":5}},"type":"if","locations":[{"start":{"line":10,"column":4},"end":{"line":12,"column":5}},{"start":{},"end":{}}]}},"s":{"0":3,"1":3,"2":0,"3":0,"4":0,"5":0,"6":0,"7":0,"8":0,"9":3,"10":3,"11":0,"12":0,"13":0,"14":0,"15":0,"16":3},"f":{"0":0,"1":0},"b":{"0":[0,0]}}
,"C:\\Users\\cine_\\Desktop\\Coding\\gym-management-system\\gym_backend\\src\\controllers\\schedule.controller.ts": {"path":"C:\\Users\\cine_\\Desktop\\Coding\\gym-management-system\\gym_backend\\src\\controllers\\schedule.controller.ts","statementMap":{"0":{"start":{"line":2,"column":0},"end":{"line":2,"column":64}},"1":{"start":{"line":5,"column":19},"end":{"line":12,"column":1}},"2":{"start":{"line":6,"column":2},"end":{"line":11,"column":3}},"3":{"start":{"line":7,"column":19},"end":{"line":7,"column":54}},"4":{"start":{"line":8,"column":4},"end":{"line":8,"column":33}},"5":{"start":{"line":10,"column":4},"end":{"line":10,"column":14}},"6":{"start":{"line":5,"column":13},"end":{"line":5,"column":19}},"7":{"start":{"line":15,"column":22},"end":{"line":22,"column":1}},"8":{"start":{"line":16,"column":2},"end":{"line":21,"column":3}},"9":{"start":{"line":17,"column":19},"end":{"line":17,"column":65}},"10":{"start":{"line":18,"column":4},"end":{"line":18,"column":33}},"11":{"start":{"line":20,"column":4},"end":{"line":20,"column":14}},"12":{"start":{"line":15,"column":13},"end":{"line":15,"column":22}},"13":{"start":{"line":25,"column":24},"end":{"line":33,"column":1}},"14":{"start":{"line":26,"column":2},"end":{"line":32,"column":3}},"15":{"start":{"line":27,"column":32},"end":{"line":27,"column":40}},"16":{"start":{"line":28,"column":19},"end":{"line":28,"column":71}},"17":{"start":{"line":29,"column":4},"end":{"line":29,"column":33}},"18":{"start":{"line":31,"column":4},"end":{"line":31,"column":14}},"19":{"start":{"line":25,"column":13},"end":{"line":25,"column":24}},"20":{"start":{"line":36,"column":27},"end":{"line":44,"column":1}},"21":{"start":{"line":37,"column":2},"end":{"line":43,"column":3}},"22":{"start":{"line":38,"column":32},"end":{"line":38,"column":40}},"23":{"start":{"line":39,"column":19},"end":{"line":39,"column":76}},"24":{"start":{"line":40,"column":4},"end":{"line":40,"column":33}},"25":{"start":{"line":42,"column":4},"end":{"line":42,"column":14}},"26":{"start":{"line":36,"column":13},"end":{"line":36,"column":27}}},"fnMap":{"0":{"name":"(anonymous_9)","decl":{"start":{"line":5,"column":19},"end":{"line":5,"column":24}},"loc":{"start":{"line":5,"column":77},"end":{"line":12,"column":1}}},"1":{"name":"(anonymous_10)","decl":{"start":{"line":15,"column":22},"end":{"line":15,"column":27}},"loc":{"start":{"line":15,"column":80},"end":{"line":22,"column":1}}},"2":{"name":"(anonymous_11)","decl":{"start":{"line":25,"column":24},"end":{"line":25,"column":29}},"loc":{"start":{"line":25,"column":82},"end":{"line":33,"column":1}}},"3":{"name":"(anonymous_12)","decl":{"start":{"line":36,"column":27},"end":{"line":36,"column":32}},"loc":{"start":{"line":36,"column":85},"end":{"line":44,"column":1}}}},"branchMap":{},"s":{"0":3,"1":3,"2":0,"3":0,"4":0,"5":0,"6":3,"7":3,"8":0,"9":0,"10":0,"11":0,"12":3,"13":3,"14":0,"15":0,"16":0,"17":0,"18":0,"19":3,"20":3,"21":0,"22":0,"23":0,"24":0,"25":0,"26":3},"f":{"0":0,"1":0,"2":0,"3":0},"b":{}}
,"C:\\Users\\cine_\\Desktop\\Coding\\gym-management-system\\gym_backend\\src\\controllers\\user.controller.ts": {"path":"C:\\Users\\cine_\\Desktop\\Coding\\gym-management-system\\gym_backend\\src\\controllers\\user.controller.ts","statementMap":{"0":{"start":{"line":2,"column":0},"end":{"line":2,"column":56}},"1":{"start":{"line":5,"column":20},"end":{"line":12,"column":1}},"2":{"start":{"line":6,"column":2},"end":{"line":11,"column":3}},"3":{"start":{"line":7,"column":19},"end":{"line":7,"column":51}},"4":{"start":{"line":8,"column":4},"end":{"line":8,"column":33}},"5":{"start":{"line":10,"column":4},"end":{"line":10,"column":30}},"6":{"start":{"line":5,"column":13},"end":{"line":5,"column":20}},"7":{"start":{"line":15,"column":22},"end":{"line":27,"column":1}},"8":{"start":{"line":16,"column":2},"end":{"line":26,"column":3}},"9":{"start":{"line":17,"column":19},"end":{"line":17,"column":65}},"10":{"start":{"line":19,"column":4},"end":{"line":21,"column":5}},"11":{"start":{"line":20,"column":6},"end":{"line":20,"column":65}},"12":{"start":{"line":23,"column":4},"end":{"line":23,"column":33}},"13":{"start":{"line":25,"column":4},"end":{"line":25,"column":14}},"14":{"start":{"line":15,"column":13},"end":{"line":15,"column":22}},"15":{"start":{"line":30,"column":22},"end":{"line":37,"column":1}},"16":{"start":{"line":31,"column":2},"end":{"line":36,"column":3}},"17":{"start":{"line":32,"column":19},"end":{"line":32,"column":57}},"18":{"start":{"line":33,"column":4},"end":{"line":33,"column":33}},"19":{"start":{"line":35,"column":4},"end":{"line":35,"column":14}},"20":{"start":{"line":30,"column":13},"end":{"line":30,"column":22}},"21":{"start":{"line":40,"column":22},"end":{"line":47,"column":1}},"22":{"start":{"line":41,"column":2},"end":{"line":46,"column":3}},"23":{"start":{"line":42,"column":19},"end":{"line":42,"column":73}},"24":{"start":{"line":43,"column":4},"end":{"line":43,"column":33}},"25":{"start":{"line":45,"column":4},"end":{"line":45,"column":14}},"26":{"start":{"line":40,"column":13},"end":{"line":40,"column":22}},"27":{"start":{"line":50,"column":22},"end":{"line":57,"column":1}},"28":{"start":{"line":51,"column":2},"end":{"line":56,"column":3}},"29":{"start":{"line":52,"column":19},"end":{"line":52,"column":63}},"30":{"start":{"line":53,"column":4},"end":{"line":53,"column":33}},"31":{"start":{"line":55,"column":4},"end":{"line":55,"column":14}},"32":{"start":{"line":50,"column":13},"end":{"line":50,"column":22}},"33":{"start":{"line":60,"column":26},"end":{"line":79,"column":1}},"34":{"start":{"line":61,"column":2},"end":{"line":78,"column":3}},"35":{"start":{"line":63,"column":19},"end":{"line":63,"column":35}},"36":{"start":{"line":65,"column":4},"end":{"line":67,"column":5}},"37":{"start":{"line":66,"column":6},"end":{"line":66,"column":68}},"38":{"start":{"line":69,"column":19},"end":{"line":69,"column":57}},"39":{"start":{"line":71,"column":4},"end":{"line":73,"column":5}},"40":{"start":{"line":72,"column":6},"end":{"line":72,"column":65}},"41":{"start":{"line":75,"column":4},"end":{"line":75,"column":33}},"42":{"start":{"line":77,"column":4},"end":{"line":77,"column":14}},"43":{"start":{"line":60,"column":13},"end":{"line":60,"column":26}}},"fnMap":{"0":{"name":"(anonymous_9)","decl":{"start":{"line":5,"column":20},"end":{"line":5,"column":25}},"loc":{"start":{"line":5,"column":78},"end":{"line":12,"column":1}}},"1":{"name":"(anonymous_10)","decl":{"start":{"line":15,"column":22},"end":{"line":15,"column":27}},"loc":{"start":{"line":15,"column":80},"end":{"line":27,"column":1}}},"2":{"name":"(anonymous_11)","decl":{"start":{"line":30,"column":22},"end":{"line":30,"column":27}},"loc":{"start":{"line":30,"column":80},"end":{"line":37,"column":1}}},"3":{"name":"(anonymous_12)","decl":{"start":{"line":40,"column":22},"end":{"line":40,"column":27}},"loc":{"start":{"line":40,"column":80},"end":{"line":47,"column":1}}},"4":{"name":"(anonymous_13)","decl":{"start":{"line":50,"column":22},"end":{"line":50,"column":27}},"loc":{"start":{"line":50,"column":80},"end":{"line":57,"column":1}}},"5":{"name":"(anonymous_14)","decl":{"start":{"line":60,"column":26},"end":{"line":60,"column":31}},"loc":{"start":{"line":60,"column":84},"end":{"line":79,"column":1}}}},"branchMap":{"0":{"loc":{"start":{"line":19,"column":4},"end":{"line":21,"column":5}},"type":"if","locations":[{"start":{"line":19,"column":4},"end":{"line":21,"column":5}},{"start":{},"end":{}}]},"1":{"loc":{"start":{"line":65,"column":4},"end":{"line":67,"column":5}},"type":"if","locations":[{"start":{"line":65,"column":4},"end":{"line":67,"column":5}},{"start":{},"end":{}}]},"2":{"loc":{"start":{"line":71,"column":4},"end":{"line":73,"column":5}},"type":"if","locations":[{"start":{"line":71,"column":4},"end":{"line":73,"column":5}},{"start":{},"end":{}}]}},"s":{"0":3,"1":3,"2":0,"3":0,"4":0,"5":0,"6":3,"7":3,"8":0,"9":0,"10":0,"11":0,"12":0,"13":0,"14":3,"15":3,"16":0,"17":0,"18":0,"19":0,"20":3,"21":3,"22":0,"23":0,"24":0,"25":0,"26":3,"27":3,"28":0,"29":0,"30":0,"31":0,"32":3,"33":3,"34":0,"35":0,"36":0,"37":0,"38":0,"39":0,"40":0,"41":0,"42":0,"43":3},"f":{"0":0,"1":0,"2":0,"3":0,"4":0,"5":0},"b":{"0":[0,0],"1":[0,0],"2":[0,0]}}
,"C:\\Users\\cine_\\Desktop\\Coding\\gym-management-system\\gym_backend\\src\\middlewares\\admin.middleware.ts": {"path":"C:\\Users\\cine_\\Desktop\\Coding\\gym-management-system\\gym_backend\\src\\middlewares\\admin.middleware.ts","statementMap":{"0":{"start":{"line":4,"column":23},"end":{"line":19,"column":1}},"1":{"start":{"line":5,"column":2},"end":{"line":18,"column":3}},"2":{"start":{"line":7,"column":4},"end":{"line":9,"column":5}},"3":{"start":{"line":8,"column":6},"end":{"line":8,"column":68}},"4":{"start":{"line":11,"column":4},"end":{"line":13,"column":5}},"5":{"start":{"line":12,"column":6},"end":{"line":12,"column":83}},"6":{"start":{"line":15,"column":4},"end":{"line":15,"column":11}},"7":{"start":{"line":17,"column":4},"end":{"line":17,"column":71}},"8":{"start":{"line":4,"column":13},"end":{"line":4,"column":23}}},"fnMap":{"0":{"name":"(anonymous_0)","decl":{"start":{"line":4,"column":23},"end":{"line":4,"column":24}},"loc":{"start":{"line":4,"column":75},"end":{"line":19,"column":1}}}},"branchMap":{"0":{"loc":{"start":{"line":7,"column":4},"end":{"line":9,"column":5}},"type":"if","locations":[{"start":{"line":7,"column":4},"end":{"line":9,"column":5}},{"start":{},"end":{}}]},"1":{"loc":{"start":{"line":11,"column":4},"end":{"line":13,"column":5}},"type":"if","locations":[{"start":{"line":11,"column":4},"end":{"line":13,"column":5}},{"start":{},"end":{}}]}},"s":{"0":3,"1":0,"2":0,"3":0,"4":0,"5":0,"6":0,"7":0,"8":3},"f":{"0":0},"b":{"0":[0,0],"1":[0,0]}}
,"C:\\Users\\cine_\\Desktop\\Coding\\gym-management-system\\gym_backend\\src\\middlewares\\auth.middleware.ts": {"path":"C:\\Users\\cine_\\Desktop\\Coding\\gym-management-system\\gym_backend\\src\\middlewares\\auth.middleware.ts","statementMap":{"0":{"start":{"line":2,"column":0},"end":{"line":2,"column":31}},"1":{"start":{"line":3,"column":0},"end":{"line":3,"column":28}},"2":{"start":{"line":6,"column":0},"end":{"line":6,"column":16}},"3":{"start":{"line":8,"column":19},"end":{"line":8,"column":47}},"4":{"start":{"line":19,"column":28},"end":{"line":39,"column":1}},"5":{"start":{"line":20,"column":17},"end":{"line":20,"column":42}},"6":{"start":{"line":22,"column":2},"end":{"line":24,"column":3}},"7":{"start":{"line":23,"column":4},"end":{"line":23,"column":88}},"8":{"start":{"line":26,"column":16},"end":{"line":26,"column":36}},"9":{"start":{"line":28,"column":2},"end":{"line":30,"column":3}},"10":{"start":{"line":29,"column":4},"end":{"line":29,"column":77}},"11":{"start":{"line":32,"column":2},"end":{"line":38,"column":3}},"12":{"start":{"line":33,"column":20},"end":{"line":33,"column":64}},"13":{"start":{"line":34,"column":4},"end":{"line":34,"column":23}},"14":{"start":{"line":35,"column":4},"end":{"line":35,"column":11}},"15":{"start":{"line":37,"column":4},"end":{"line":37,"column":66}},"16":{"start":{"line":19,"column":13},"end":{"line":19,"column":28}}},"fnMap":{"0":{"name":"(anonymous_1)","decl":{"start":{"line":19,"column":28},"end":{"line":19,"column":29}},"loc":{"start":{"line":19,"column":80},"end":{"line":39,"column":1}}}},"branchMap":{"0":{"loc":{"start":{"line":8,"column":19},"end":{"line":8,"column":47}},"type":"binary-expr","locations":[{"start":{"line":8,"column":19},"end":{"line":8,"column":41}},{"start":{"line":8,"column":45},"end":{"line":8,"column":47}}]},"1":{"loc":{"start":{"line":22,"column":2},"end":{"line":24,"column":3}},"type":"if","locations":[{"start":{"line":22,"column":2},"end":{"line":24,"column":3}},{"start":{},"end":{}}]},"2":{"loc":{"start":{"line":22,"column":6},"end":{"line":22,"column":46}},"type":"binary-expr","locations":[{"start":{"line":22,"column":6},"end":{"line":22,"column":13}},{"start":{"line":22,"column":17},"end":{"line":22,"column":46}}]},"3":{"loc":{"start":{"line":28,"column":2},"end":{"line":30,"column":3}},"type":"if","locations":[{"start":{"line":28,"column":2},"end":{"line":30,"column":3}},{"start":{},"end":{}}]}},"s":{"0":3,"1":3,"2":3,"3":3,"4":3,"5":0,"6":0,"7":0,"8":0,"9":0,"10":0,"11":0,"12":0,"13":0,"14":0,"15":0,"16":3},"f":{"0":0},"b":{"0":[3,0],"1":[0,0],"2":[0,0],"3":[0,0]}}
,"C:\\Users\\cine_\\Desktop\\Coding\\gym-management-system\\gym_backend\\src\\middlewares\\self.middleware.ts": {"path":"C:\\Users\\cine_\\Desktop\\Coding\\gym-management-system\\gym_backend\\src\\middlewares\\self.middleware.ts","statementMap":{"0":{"start":{"line":4,"column":29},"end":{"line":28,"column":1}},"1":{"start":{"line":5,"column":2},"end":{"line":27,"column":3}},"2":{"start":{"line":6,"column":19},"end":{"line":6,"column":35}},"3":{"start":{"line":7,"column":21},"end":{"line":7,"column":35}},"4":{"start":{"line":8,"column":25},"end":{"line":8,"column":38}},"5":{"start":{"line":10,"column":4},"end":{"line":12,"column":5}},"6":{"start":{"line":11,"column":6},"end":{"line":11,"column":68}},"7":{"start":{"line":15,"column":4},"end":{"line":17,"column":5}},"8":{"start":{"line":16,"column":6},"end":{"line":16,"column":20}},"9":{"start":{"line":20,"column":4},"end":{"line":22,"column":5}},"10":{"start":{"line":21,"column":6},"end":{"line":21,"column":83}},"11":{"start":{"line":24,"column":4},"end":{"line":24,"column":11}},"12":{"start":{"line":26,"column":4},"end":{"line":26,"column":71}},"13":{"start":{"line":4,"column":13},"end":{"line":4,"column":29}}},"fnMap":{"0":{"name":"(anonymous_0)","decl":{"start":{"line":4,"column":29},"end":{"line":4,"column":30}},"loc":{"start":{"line":4,"column":81},"end":{"line":28,"column":1}}}},"branchMap":{"0":{"loc":{"start":{"line":10,"column":4},"end":{"line":12,"column":5}},"type":"if","locations":[{"start":{"line":10,"column":4},"end":{"line":12,"column":5}},{"start":{},"end":{}}]},"1":{"loc":{"start":{"line":15,"column":4},"end":{"line":17,"column":5}},"type":"if","locations":[{"start":{"line":15,"column":4},"end":{"line":17,"column":5}},{"start":{},"end":{}}]},"2":{"loc":{"start":{"line":20,"column":4},"end":{"line":22,"column":5}},"type":"if","locations":[{"start":{"line":20,"column":4},"end":{"line":22,"column":5}},{"start":{},"end":{}}]}},"s":{"0":3,"1":0,"2":0,"3":0,"4":0,"5":0,"6":0,"7":0,"8":0,"9":0,"10":0,"11":0,"12":0,"13":3},"f":{"0":0},"b":{"0":[0,0],"1":[0,0],"2":[0,0]}}
,"C:\\Users\\cine_\\Desktop\\Coding\\gym-management-system\\gym_backend\\src\\middlewares\\validate.middleware.ts": {"path":"C:\\Users\\cine_\\Desktop\\Coding\\gym-management-system\\gym_backend\\src\\middlewares\\validate.middleware.ts","statementMap":{"0":{"start":{"line":5,"column":24},"end":{"line":15,"column":1}},"1":{"start":{"line":5,"column":54},"end":{"line":15,"column":1}},"2":{"start":{"line":6,"column":2},"end":{"line":14,"column":3}},"3":{"start":{"line":7,"column":4},"end":{"line":7,"column":27}},"4":{"start":{"line":8,"column":4},"end":{"line":8,"column":11}},"5":{"start":{"line":10,"column":4},"end":{"line":13,"column":7}},"6":{"start":{"line":5,"column":13},"end":{"line":5,"column":24}}},"fnMap":{"0":{"name":"(anonymous_0)","decl":{"start":{"line":5,"column":24},"end":{"line":5,"column":25}},"loc":{"start":{"line":5,"column":54},"end":{"line":15,"column":1}}},"1":{"name":"(anonymous_1)","decl":{"start":{"line":5,"column":54},"end":{"line":5,"column":55}},"loc":{"start":{"line":5,"column":106},"end":{"line":15,"column":1}}}},"branchMap":{},"s":{"0":3,"1":18,"2":0,"3":0,"4":0,"5":0,"6":3},"f":{"0":18,"1":0},"b":{}}
,"C:\\Users\\cine_\\Desktop\\Coding\\gym-management-system\\gym_backend\\src\\middlewares\\validateObjectId.middleware.ts": {"path":"C:\\Users\\cine_\\Desktop\\Coding\\gym-management-system\\gym_backend\\src\\middlewares\\validateObjectId.middleware.ts","statementMap":{"0":{"start":{"line":2,"column":0},"end":{"line":2,"column":32}},"1":{"start":{"line":4,"column":32},"end":{"line":10,"column":1}},"2":{"start":{"line":4,"column":51},"end":{"line":10,"column":1}},"3":{"start":{"line":5,"column":16},"end":{"line":5,"column":34}},"4":{"start":{"line":6,"column":2},"end":{"line":8,"column":3}},"5":{"start":{"line":7,"column":4},"end":{"line":7,"column":null}},"6":{"start":{"line":9,"column":2},"end":{"line":9,"column":9}},"7":{"start":{"line":4,"column":13},"end":{"line":4,"column":32}}},"fnMap":{"0":{"name":"(anonymous_1)","decl":{"start":{"line":4,"column":32},"end":{"line":4,"column":33}},"loc":{"start":{"line":4,"column":51},"end":{"line":10,"column":1}}},"1":{"name":"(anonymous_2)","decl":{"start":{"line":4,"column":51},"end":{"line":4,"column":52}},"loc":{"start":{"line":4,"column":103},"end":{"line":10,"column":1}}}},"branchMap":{"0":{"loc":{"start":{"line":4,"column":33},"end":{"line":4,"column":46}},"type":"default-arg","locations":[{"start":{"line":4,"column":42},"end":{"line":4,"column":46}}]},"1":{"loc":{"start":{"line":6,"column":2},"end":{"line":8,"column":3}},"type":"if","locations":[{"start":{"line":6,"column":2},"end":{"line":8,"column":3}},{"start":{},"end":{}}]},"2":{"loc":{"start":{"line":6,"column":6},"end":{"line":6,"column":55}},"type":"binary-expr","locations":[{"start":{"line":6,"column":6},"end":{"line":6,"column":12}},{"start":{"line":6,"column":16},"end":{"line":6,"column":55}}]}},"s":{"0":3,"1":3,"2":9,"3":0,"4":0,"5":0,"6":0,"7":3},"f":{"0":9,"1":0},"b":{"0":[0],"1":[0,0],"2":[0,0]}}
,"C:\\Users\\cine_\\Desktop\\Coding\\gym-management-system\\gym_backend\\src\\models\\schedule.model.ts": {"path":"C:\\Users\\cine_\\Desktop\\Coding\\gym-management-system\\gym_backend\\src\\models\\schedule.model.ts","statementMap":{"0":{"start":{"line":1,"column":0},"end":{"line":1,"column":51}},"1":{"start":{"line":18,"column":27},"end":{"line":27,"column":18}},"2":{"start":{"line":29,"column":23},"end":{"line":60,"column":2}},"3":{"start":{"line":62,"column":0},"end":{"line":62,"column":60}}},"fnMap":{},"branchMap":{},"s":{"0":3,"1":3,"2":3,"3":3},"f":{},"b":{}}
,"C:\\Users\\cine_\\Desktop\\Coding\\gym-management-system\\gym_backend\\src\\models\\user.model.ts": {"path":"C:\\Users\\cine_\\Desktop\\Coding\\gym-management-system\\gym_backend\\src\\models\\user.model.ts","statementMap":{"0":{"start":{"line":1,"column":0},"end":{"line":1,"column":51}},"1":{"start":{"line":13,"column":19},"end":{"line":46,"column":2}},"2":{"start":{"line":48,"column":0},"end":{"line":48,"column":48}}},"fnMap":{},"branchMap":{},"s":{"0":3,"1":3,"2":3},"f":{},"b":{}}
,"C:\\Users\\cine_\\Desktop\\Coding\\gym-management-system\\gym_backend\\src\\repositories\\schedule.repository.ts": {"path":"C:\\Users\\cine_\\Desktop\\Coding\\gym-management-system\\gym_backend\\src\\repositories\\schedule.repository.ts","statementMap":{"0":{"start":{"line":1,"column":0},"end":{"line":1,"column":78}},"1":{"start":{"line":5,"column":4},"end":{"line":5,"column":37}},"2":{"start":{"line":9,"column":4},"end":{"line":12,"column":14}},"3":{"start":{"line":16,"column":4},"end":{"line":20,"column":13}},"4":{"start":{"line":24,"column":4},"end":{"line":28,"column":13}},"5":{"start":{"line":3,"column":0},"end":{"line":3,"column":13}}},"fnMap":{"0":{"name":"(anonymous_1)","decl":{"start":{"line":4,"column":2},"end":{"line":4,"column":7}},"loc":{"start":{"line":4,"column":11},"end":{"line":6,"column":3}}},"1":{"name":"(anonymous_2)","decl":{"start":{"line":8,"column":2},"end":{"line":8,"column":7}},"loc":{"start":{"line":8,"column":39},"end":{"line":13,"column":3}}},"2":{"name":"(anonymous_3)","decl":{"start":{"line":15,"column":2},"end":{"line":15,"column":7}},"loc":{"start":{"line":15,"column":68},"end":{"line":21,"column":3}}},"3":{"name":"(anonymous_4)","decl":{"start":{"line":23,"column":2},"end":{"line":23,"column":7}},"loc":{"start":{"line":23,"column":75},"end":{"line":29,"column":3}}}},"branchMap":{},"s":{"0":3,"1":0,"2":0,"3":0,"4":0,"5":3},"f":{"0":0,"1":0,"2":0,"3":0},"b":{}}
,"C:\\Users\\cine_\\Desktop\\Coding\\gym-management-system\\gym_backend\\src\\repositories\\user.repository.ts": {"path":"C:\\Users\\cine_\\Desktop\\Coding\\gym-management-system\\gym_backend\\src\\repositories\\user.repository.ts","statementMap":{"0":{"start":{"line":1,"column":0},"end":{"line":1,"column":51}},"1":{"start":{"line":6,"column":4},"end":{"line":6,"column":30}},"2":{"start":{"line":10,"column":4},"end":{"line":10,"column":36}},"3":{"start":{"line":14,"column":4},"end":{"line":14,"column":42}},"4":{"start":{"line":18,"column":17},"end":{"line":18,"column":35}},"5":{"start":{"line":19,"column":4},"end":{"line":19,"column":23}},"6":{"start":{"line":23,"column":4},"end":{"line":23,"column":70}},"7":{"start":{"line":27,"column":4},"end":{"line":27,"column":45}},"8":{"start":{"line":4,"column":0},"end":{"line":4,"column":13}}},"fnMap":{"0":{"name":"(anonymous_1)","decl":{"start":{"line":5,"column":2},"end":{"line":5,"column":7}},"loc":{"start":{"line":5,"column":15},"end":{"line":7,"column":3}}},"1":{"name":"(anonymous_2)","decl":{"start":{"line":9,"column":2},"end":{"line":9,"column":7}},"loc":{"start":{"line":9,"column":44},"end":{"line":11,"column":3}}},"2":{"name":"(anonymous_3)","decl":{"start":{"line":13,"column":2},"end":{"line":13,"column":7}},"loc":{"start":{"line":13,"column":33},"end":{"line":15,"column":3}}},"3":{"name":"(anonymous_4)","decl":{"start":{"line":17,"column":2},"end":{"line":17,"column":7}},"loc":{"start":{"line":17,"column":39},"end":{"line":20,"column":3}}},"4":{"name":"(anonymous_5)","decl":{"start":{"line":22,"column":2},"end":{"line":22,"column":7}},"loc":{"start":{"line":22,"column":68},"end":{"line":24,"column":3}}},"5":{"name":"(anonymous_6)","decl":{"start":{"line":26,"column":2},"end":{"line":26,"column":7}},"loc":{"start":{"line":26,"column":42},"end":{"line":28,"column":3}}}},"branchMap":{},"s":{"0":3,"1":0,"2":0,"3":0,"4":0,"5":0,"6":0,"7":0,"8":3},"f":{"0":0,"1":0,"2":0,"3":0,"4":0,"5":0},"b":{}}
,"C:\\Users\\cine_\\Desktop\\Coding\\gym-management-system\\gym_backend\\src\\routes\\auth.routes.ts": {"path":"C:\\Users\\cine_\\Desktop\\Coding\\gym-management-system\\gym_backend\\src\\routes\\auth.routes.ts","statementMap":{"0":{"start":{"line":1,"column":0},"end":{"line":1,"column":33}},"1":{"start":{"line":2,"column":0},"end":{"line":2,"column":59}},"2":{"start":{"line":3,"column":0},"end":{"line":3,"column":62}},"3":{"start":{"line":4,"column":0},"end":{"line":4,"column":75}},"4":{"start":{"line":5,"column":0},"end":{"line":5,"column":58}},"5":{"start":{"line":7,"column":15},"end":{"line":7,"column":23}},"6":{"start":{"line":43,"column":0},"end":{"line":43,"column":61}},"7":{"start":{"line":71,"column":0},"end":{"line":71,"column":61}},"8":{"start":{"line":73,"column":0},"end":{"line":73,"column":22}}},"fnMap":{},"branchMap":{},"s":{"0":3,"1":3,"2":3,"3":3,"4":3,"5":3,"6":3,"7":3,"8":3},"f":{},"b":{}}
,"C:\\Users\\cine_\\Desktop\\Coding\\gym-management-system\\gym_backend\\src\\routes\\schedule.routes.ts": {"path":"C:\\Users\\cine_\\Desktop\\Coding\\gym-management-system\\gym_backend\\src\\routes\\schedule.routes.ts","statementMap":{"0":{"start":{"line":1,"column":0},"end":{"line":1,"column":33}},"1":{"start":{"line":2,"column":0},"end":{"line":2,"column":67}},"2":{"start":{"line":3,"column":0},"end":{"line":3,"column":62}},"3":{"start":{"line":4,"column":0},"end":{"line":4,"column":58}},"4":{"start":{"line":5,"column":0},"end":{"line":5,"column":62}},"5":{"start":{"line":6,"column":0},"end":{"line":6,"column":85}},"6":{"start":{"line":8,"column":15},"end":{"line":8,"column":23}},"7":{"start":{"line":20,"column":0},"end":{"line":20,"column":34}},"8":{"start":{"line":44,"column":0},"end":{"line":44,"column":60}},"9":{"start":{"line":81,"column":0},"end":{"line":81,"column":98}},"10":{"start":{"line":115,"column":0},"end":{"line":115,"column":107}},"11":{"start":{"line":117,"column":0},"end":{"line":117,"column":22}}},"fnMap":{},"branchMap":{},"s":{"0":3,"1":3,"2":3,"3":3,"4":3,"5":3,"6":3,"7":3,"8":3,"9":3,"10":3,"11":3},"f":{},"b":{}}
,"C:\\Users\\cine_\\Desktop\\Coding\\gym-management-system\\gym_backend\\src\\routes\\user.routes.ts": {"path":"C:\\Users\\cine_\\Desktop\\Coding\\gym-management-system\\gym_backend\\src\\routes\\user.routes.ts","statementMap":{"0":{"start":{"line":1,"column":0},"end":{"line":1,"column":33}},"1":{"start":{"line":2,"column":0},"end":{"line":2,"column":59}},"2":{"start":{"line":3,"column":0},"end":{"line":3,"column":62}},"3":{"start":{"line":4,"column":0},"end":{"line":4,"column":58}},"4":{"start":{"line":5,"column":0},"end":{"line":5,"column":63}},"5":{"start":{"line":6,"column":0},"end":{"line":6,"column":62}},"6":{"start":{"line":7,"column":0},"end":{"line":7,"column":78}},"7":{"start":{"line":8,"column":0},"end":{"line":8,"column":82}},"8":{"start":{"line":10,"column":15},"end":{"line":10,"column":23}},"9":{"start":{"line":30,"column":0},"end":{"line":30,"column":62}},"10":{"start":{"line":46,"column":0},"end":{"line":46,"column":58}},"11":{"start":{"line":64,"column":0},"end":{"line":64,"column":54}},"12":{"start":{"line":92,"column":0},"end":{"line":92,"column":83}},"13":{"start":{"line":126,"column":0},"end":{"line":126,"column":117}},"14":{"start":{"line":154,"column":0},"end":{"line":154,"column":86}},"15":{"start":{"line":156,"column":0},"end":{"line":156,"column":22}}},"fnMap":{},"branchMap":{},"s":{"0":3,"1":3,"2":3,"3":3,"4":3,"5":3,"6":3,"7":3,"8":3,"9":3,"10":3,"11":3,"12":3,"13":3,"14":3,"15":3},"f":{},"b":{}}
,"C:\\Users\\cine_\\Desktop\\Coding\\gym-management-system\\gym_backend\\src\\services\\auth.service.ts": {"path":"C:\\Users\\cine_\\Desktop\\Coding\\gym-management-system\\gym_backend\\src\\services\\auth.service.ts","statementMap":{"0":{"start":{"line":2,"column":0},"end":{"line":2,"column":28}},"1":{"start":{"line":3,"column":0},"end":{"line":3,"column":31}},"2":{"start":{"line":4,"column":0},"end":{"line":4,"column":28}},"3":{"start":{"line":5,"column":0},"end":{"line":5,"column":65}},"4":{"start":{"line":7,"column":0},"end":{"line":7,"column":16}},"5":{"start":{"line":9,"column":19},"end":{"line":9,"column":47}},"6":{"start":{"line":10,"column":19},"end":{"line":10,"column":23}},"7":{"start":{"line":12,"column":23},"end":{"line":12,"column":43}},"8":{"start":{"line":15,"column":21},"end":{"line":43,"column":1}},"9":{"start":{"line":16,"column":15},"end":{"line":16,"column":54}},"10":{"start":{"line":18,"column":2},"end":{"line":18,"column":25}},"11":{"start":{"line":18,"column":13},"end":{"line":18,"column":25}},"12":{"start":{"line":20,"column":16},"end":{"line":20,"column":61}},"13":{"start":{"line":21,"column":2},"end":{"line":21,"column":26}},"14":{"start":{"line":21,"column":14},"end":{"line":21,"column":26}},"15":{"start":{"line":23,"column":31},"end":{"line":27,"column":4}},"16":{"start":{"line":29,"column":16},"end":{"line":29,"column":72}},"17":{"start":{"line":31,"column":2},"end":{"line":42,"column":4}},"18":{"start":{"line":15,"column":13},"end":{"line":15,"column":21}},"19":{"start":{"line":46,"column":24},"end":{"line":84,"column":1}},"20":{"start":{"line":53,"column":23},"end":{"line":53,"column":62}},"21":{"start":{"line":55,"column":2},"end":{"line":57,"column":3}},"22":{"start":{"line":56,"column":4},"end":{"line":56,"column":44}},"23":{"start":{"line":59,"column":15},"end":{"line":59,"column":46}},"24":{"start":{"line":61,"column":24},"end":{"line":67,"column":4}},"25":{"start":{"line":69,"column":2},"end":{"line":71,"column":3}},"26":{"start":{"line":70,"column":4},"end":{"line":70,"column":27}},"27":{"start":{"line":73,"column":15},"end":{"line":73,"column":52}},"28":{"start":{"line":75,"column":2},"end":{"line":83,"column":4}},"29":{"start":{"line":46,"column":13},"end":{"line":46,"column":24}}},"fnMap":{"0":{"name":"(anonymous_1)","decl":{"start":{"line":15,"column":21},"end":{"line":15,"column":26}},"loc":{"start":{"line":15,"column":63},"end":{"line":43,"column":1}}},"1":{"name":"(anonymous_2)","decl":{"start":{"line":46,"column":24},"end":{"line":46,"column":29}},"loc":{"start":{"line":52,"column":4},"end":{"line":84,"column":1}}}},"branchMap":{"0":{"loc":{"start":{"line":9,"column":19},"end":{"line":9,"column":47}},"type":"binary-expr","locations":[{"start":{"line":9,"column":19},"end":{"line":9,"column":41}},{"start":{"line":9,"column":45},"end":{"line":9,"column":47}}]},"1":{"loc":{"start":{"line":18,"column":2},"end":{"line":18,"column":25}},"type":"if","locations":[{"start":{"line":18,"column":2},"end":{"line":18,"column":25}},{"start":{},"end":{}}]},"2":{"loc":{"start":{"line":21,"column":2},"end":{"line":21,"column":26}},"type":"if","locations":[{"start":{"line":21,"column":2},"end":{"line":21,"column":26}},{"start":{},"end":{}}]},"3":{"loc":{"start":{"line":55,"column":2},"end":{"line":57,"column":3}},"type":"if","locations":[{"start":{"line":55,"column":2},"end":{"line":57,"column":3}},{"start":{},"end":{}}]},"4":{"loc":{"start":{"line":69,"column":2},"end":{"line":71,"column":3}},"type":"if","locations":[{"start":{"line":69,"column":2},"end":{"line":71,"column":3}},{"start":{},"end":{}}]}},"s":{"0":3,"1":3,"2":3,"3":3,"4":3,"5":3,"6":3,"7":3,"8":3,"9":0,"10":0,"11":0,"12":0,"13":0,"14":0,"15":0,"16":0,"17":0,"18":3,"19":3,"20":0,"21":0,"22":0,"23":0,"24":0,"25":0,"26":0,"27":0,"28":0,"29":3},"f":{"0":0,"1":0},"b":{"0":[3,0],"1":[0,0],"2":[0,0],"3":[0,0],"4":[0,0]}}
,"C:\\Users\\cine_\\Desktop\\Coding\\gym-management-system\\gym_backend\\src\\services\\schedule.service.ts": {"path":"C:\\Users\\cine_\\Desktop\\Coding\\gym-management-system\\gym_backend\\src\\services\\schedule.service.ts","statementMap":{"0":{"start":{"line":2,"column":0},"end":{"line":2,"column":73}},"1":{"start":{"line":4,"column":27},"end":{"line":4,"column":51}},"2":{"start":{"line":7,"column":27},"end":{"line":9,"column":1}},"3":{"start":{"line":8,"column":2},"end":{"line":8,"column":34}},"4":{"start":{"line":7,"column":13},"end":{"line":7,"column":27}},"5":{"start":{"line":12,"column":30},"end":{"line":14,"column":1}},"6":{"start":{"line":13,"column":2},"end":{"line":13,"column":44}},"7":{"start":{"line":12,"column":13},"end":{"line":12,"column":30}},"8":{"start":{"line":17,"column":29},"end":{"line":25,"column":1}},"9":{"start":{"line":22,"column":34},"end":{"line":22,"column":48}},"10":{"start":{"line":24,"column":2},"end":{"line":24,"column":57}},"11":{"start":{"line":17,"column":13},"end":{"line":17,"column":29}},"12":{"start":{"line":28,"column":34},"end":{"line":34,"column":1}},"13":{"start":{"line":33,"column":2},"end":{"line":33,"column":64}},"14":{"start":{"line":28,"column":13},"end":{"line":28,"column":34}}},"fnMap":{"0":{"name":"(anonymous_0)","decl":{"start":{"line":7,"column":27},"end":{"line":7,"column":32}},"loc":{"start":{"line":7,"column":38},"end":{"line":9,"column":1}}},"1":{"name":"(anonymous_1)","decl":{"start":{"line":12,"column":30},"end":{"line":12,"column":35}},"loc":{"start":{"line":12,"column":68},"end":{"line":14,"column":1}}},"2":{"name":"(anonymous_2)","decl":{"start":{"line":17,"column":29},"end":{"line":17,"column":34}},"loc":{"start":{"line":21,"column":4},"end":{"line":25,"column":1}}},"3":{"name":"(anonymous_3)","decl":{"start":{"line":28,"column":34},"end":{"line":28,"column":39}},"loc":{"start":{"line":32,"column":4},"end":{"line":34,"column":1}}}},"branchMap":{},"s":{"0":3,"1":3,"2":3,"3":0,"4":3,"5":3,"6":0,"7":3,"8":3,"9":0,"10":0,"11":3,"12":3,"13":0,"14":3},"f":{"0":0,"1":0,"2":0,"3":0},"b":{}}
,"C:\\Users\\cine_\\Desktop\\Coding\\gym-management-system\\gym_backend\\src\\services\\user.service.ts": {"path":"C:\\Users\\cine_\\Desktop\\Coding\\gym-management-system\\gym_backend\\src\\services\\user.service.ts","statementMap":{"0":{"start":{"line":2,"column":0},"end":{"line":2,"column":28}},"1":{"start":{"line":3,"column":0},"end":{"line":3,"column":65}},"2":{"start":{"line":5,"column":20},"end":{"line":5,"column":22}},"3":{"start":{"line":6,"column":23},"end":{"line":6,"column":43}},"4":{"start":{"line":9,"column":28},"end":{"line":11,"column":1}},"5":{"start":{"line":10,"column":2},"end":{"line":10,"column":34}},"6":{"start":{"line":9,"column":13},"end":{"line":9,"column":28}},"7":{"start":{"line":14,"column":28},"end":{"line":16,"column":1}},"8":{"start":{"line":15,"column":2},"end":{"line":15,"column":37}},"9":{"start":{"line":14,"column":13},"end":{"line":14,"column":28}},"10":{"start":{"line":19,"column":31},"end":{"line":21,"column":1}},"11":{"start":{"line":20,"column":2},"end":{"line":20,"column":43}},"12":{"start":{"line":19,"column":13},"end":{"line":19,"column":31}},"13":{"start":{"line":24,"column":26},"end":{"line":31,"column":1}},"14":{"start":{"line":25,"column":2},"end":{"line":28,"column":3}},"15":{"start":{"line":26,"column":17},"end":{"line":26,"column":65}},"16":{"start":{"line":27,"column":4},"end":{"line":27,"column":28}},"17":{"start":{"line":30,"column":2},"end":{"line":30,"column":40}},"18":{"start":{"line":24,"column":13},"end":{"line":24,"column":26}},"19":{"start":{"line":34,"column":26},"end":{"line":51,"column":1}},"20":{"start":{"line":36,"column":2},"end":{"line":43,"column":3}},"21":{"start":{"line":37,"column":25},"end":{"line":37,"column":72}},"22":{"start":{"line":40,"column":4},"end":{"line":42,"column":5}},"23":{"start":{"line":41,"column":6},"end":{"line":41,"column":46}},"24":{"start":{"line":45,"column":2},"end":{"line":48,"column":3}},"25":{"start":{"line":46,"column":17},"end":{"line":46,"column":65}},"26":{"start":{"line":47,"column":4},"end":{"line":47,"column":28}},"27":{"start":{"line":50,"column":2},"end":{"line":50,"column":44}},"28":{"start":{"line":34,"column":13},"end":{"line":34,"column":26}},"29":{"start":{"line":54,"column":26},"end":{"line":56,"column":1}},"30":{"start":{"line":55,"column":2},"end":{"line":55,"column":35}},"31":{"start":{"line":54,"column":13},"end":{"line":54,"column":26}},"32":{"start":{"line":59,"column":24},"end":{"line":97,"column":1}},"33":{"start":{"line":66,"column":23},"end":{"line":66,"column":62}},"34":{"start":{"line":68,"column":2},"end":{"line":70,"column":3}},"35":{"start":{"line":69,"column":4},"end":{"line":69,"column":44}},"36":{"start":{"line":72,"column":15},"end":{"line":72,"column":46}},"37":{"start":{"line":74,"column":35},"end":{"line":80,"column":4}},"38":{"start":{"line":82,"column":2},"end":{"line":84,"column":3}},"39":{"start":{"line":83,"column":4},"end":{"line":83,"column":27}},"40":{"start":{"line":86,"column":15},"end":{"line":86,"column":52}},"41":{"start":{"line":88,"column":2},"end":{"line":96,"column":4}},"42":{"start":{"line":59,"column":13},"end":{"line":59,"column":24}}},"fnMap":{"0":{"name":"(anonymous_1)","decl":{"start":{"line":9,"column":28},"end":{"line":9,"column":33}},"loc":{"start":{"line":9,"column":39},"end":{"line":11,"column":1}}},"1":{"name":"(anonymous_2)","decl":{"start":{"line":14,"column":28},"end":{"line":14,"column":33}},"loc":{"start":{"line":14,"column":49},"end":{"line":16,"column":1}}},"2":{"name":"(anonymous_3)","decl":{"start":{"line":19,"column":31},"end":{"line":19,"column":36}},"loc":{"start":{"line":19,"column":55},"end":{"line":21,"column":1}}},"3":{"name":"(anonymous_4)","decl":{"start":{"line":24,"column":26},"end":{"line":24,"column":31}},"loc":{"start":{"line":24,"column":60},"end":{"line":31,"column":1}}},"4":{"name":"(anonymous_5)","decl":{"start":{"line":34,"column":26},"end":{"line":34,"column":31}},"loc":{"start":{"line":34,"column":72},"end":{"line":51,"column":1}}},"5":{"name":"(anonymous_6)","decl":{"start":{"line":54,"column":26},"end":{"line":54,"column":31}},"loc":{"start":{"line":54,"column":47},"end":{"line":56,"column":1}}},"6":{"name":"(anonymous_7)","decl":{"start":{"line":59,"column":24},"end":{"line":59,"column":29}},"loc":{"start":{"line":65,"column":4},"end":{"line":97,"column":1}}}},"branchMap":{"0":{"loc":{"start":{"line":25,"column":2},"end":{"line":28,"column":3}},"type":"if","locations":[{"start":{"line":25,"column":2},"end":{"line":28,"column":3}},{"start":{},"end":{}}]},"1":{"loc":{"start":{"line":36,"column":2},"end":{"line":43,"column":3}},"type":"if","locations":[{"start":{"line":36,"column":2},"end":{"line":43,"column":3}},{"start":{},"end":{}}]},"2":{"loc":{"start":{"line":40,"column":4},"end":{"line":42,"column":5}},"type":"if","locations":[{"start":{"line":40,"column":4},"end":{"line":42,"column":5}},{"start":{},"end":{}}]},"3":{"loc":{"start":{"line":40,"column":8},"end":{"line":40,"column":59}},"type":"binary-expr","locations":[{"start":{"line":40,"column":8},"end":{"line":40,"column":20}},{"start":{"line":40,"column":24},"end":{"line":40,"column":59}}]},"4":{"loc":{"start":{"line":45,"column":2},"end":{"line":48,"column":3}},"type":"if","locations":[{"start":{"line":45,"column":2},"end":{"line":48,"column":3}},{"start":{},"end":{}}]},"5":{"loc":{"start":{"line":68,"column":2},"end":{"line":70,"column":3}},"type":"if","locations":[{"start":{"line":68,"column":2},"end":{"line":70,"column":3}},{"start":{},"end":{}}]},"6":{"loc":{"start":{"line":82,"column":2},"end":{"line":84,"column":3}},"type":"if","locations":[{"start":{"line":82,"column":2},"end":{"line":84,"column":3}},{"start":{},"end":{}}]}},"s":{"0":3,"1":3,"2":3,"3":3,"4":3,"5":0,"6":3,"7":3,"8":0,"9":3,"10":3,"11":0,"12":3,"13":3,"14":0,"15":0,"16":0,"17":0,"18":3,"19":3,"20":0,"21":0,"22":0,"23":0,"24":0,"25":0,"26":0,"27":0,"28":3,"29":3,"30":0,"31":3,"32":3,"33":0,"34":0,"35":0,"36":0,"37":0,"38":0,"39":0,"40":0,"41":0,"42":3},"f":{"0":0,"1":0,"2":0,"3":0,"4":0,"5":0,"6":0},"b":{"0":[0,0],"1":[0,0],"2":[0,0],"3":[0,0],"4":[0,0],"5":[0,0],"6":[0,0]}}
,"C:\\Users\\cine_\\Desktop\\Coding\\gym-management-system\\gym_backend\\src\\validators\\auth.validator.ts": {"path":"C:\\Users\\cine_\\Desktop\\Coding\\gym-management-system\\gym_backend\\src\\validators\\auth.validator.ts","statementMap":{"0":{"start":{"line":1,"column":0},"end":{"line":1,"column":24}},"1":{"start":{"line":3,"column":13},"end":{"line":6,"column":3}},"2":{"start":{"line":8,"column":13},"end":{"line":14,"column":3}}},"fnMap":{},"branchMap":{},"s":{"0":3,"1":3,"2":3},"f":{},"b":{}}
,"C:\\Users\\cine_\\Desktop\\Coding\\gym-management-system\\gym_backend\\src\\validators\\schedule.validator.ts": {"path":"C:\\Users\\cine_\\Desktop\\Coding\\gym-management-system\\gym_backend\\src\\validators\\schedule.validator.ts","statementMap":{"0":{"start":{"line":1,"column":0},"end":{"line":1,"column":24}},"1":{"start":{"line":3,"column":27},"end":{"line":6,"column":2}},"2":{"start":{"line":8,"column":13},"end":{"line":16,"column":3}},"3":{"start":{"line":18,"column":13},"end":{"line":22,"column":3}},"4":{"start":{"line":24,"column":13},"end":{"line":24,"column":48}}},"fnMap":{},"branchMap":{},"s":{"0":3,"1":3,"2":3,"3":3,"4":3},"f":{},"b":{}}
,"C:\\Users\\cine_\\Desktop\\Coding\\gym-management-system\\gym_backend\\src\\validators\\user.validator.ts": {"path":"C:\\Users\\cine_\\Desktop\\Coding\\gym-management-system\\gym_backend\\src\\validators\\user.validator.ts","statementMap":{"0":{"start":{"line":1,"column":0},"end":{"line":1,"column":24}},"1":{"start":{"line":3,"column":13},"end":{"line":10,"column":3}},"2":{"start":{"line":12,"column":13},"end":{"line":12,"column":59}}},"fnMap":{},"branchMap":{},"s":{"0":3,"1":3,"2":3},"f":{},"b":{}}
}
