TN:
SF:src\app.ts
FN:30,(anonymous_1)
FNF:1
FNH:0
FNDA:0,(anonymous_1)
DA:1,3
DA:2,3
DA:3,3
DA:4,3
DA:5,3
DA:7,3
DA:8,3
DA:9,3
DA:11,3
DA:13,3
DA:15,3
DA:17,3
DA:18,3
DA:19,3
DA:26,3
DA:27,3
DA:28,3
DA:30,3
DA:31,0
DA:38,3
LF:20
LH:19
BRDA:33,0,0,0
BRDA:33,0,1,0
BRF:2
BRH:0
end_of_record
TN:
SF:src\swagger.ts
FN:42,(anonymous_1)
FNF:1
FNH:1
FNDA:3,(anonymous_1)
DA:1,3
DA:2,3
DA:3,3
DA:5,3
DA:6,3
DA:8,3
DA:40,3
DA:42,3
DA:43,3
LF:9
LH:9
BRF:0
BRH:0
end_of_record
TN:
SF:src\controllers\auth.controller.ts
FN:5,(anonymous_9)
FN:21,(anonymous_10)
FNF:2
FNH:0
FNDA:0,(anonymous_9)
FNDA:0,(anonymous_10)
DA:2,3
DA:5,3
DA:6,0
DA:7,0
DA:8,0
DA:10,0
DA:11,0
DA:14,0
DA:16,0
DA:21,3
DA:22,0
DA:23,0
DA:24,0
DA:26,0
DA:31,0
LF:15
LH:3
BRDA:10,0,0,0
BRDA:10,0,1,0
BRF:2
BRH:0
end_of_record
TN:
SF:src\controllers\schedule.controller.ts
FN:5,(anonymous_9)
FN:15,(anonymous_10)
FN:25,(anonymous_11)
FN:36,(anonymous_12)
FNF:4
FNH:0
FNDA:0,(anonymous_9)
FNDA:0,(anonymous_10)
FNDA:0,(anonymous_11)
FNDA:0,(anonymous_12)
DA:2,3
DA:5,3
DA:6,0
DA:7,0
DA:8,0
DA:10,0
DA:15,3
DA:16,0
DA:17,0
DA:18,0
DA:20,0
DA:25,3
DA:26,0
DA:27,0
DA:28,0
DA:29,0
DA:31,0
DA:36,3
DA:37,0
DA:38,0
DA:39,0
DA:40,0
DA:42,0
LF:23
LH:5
BRF:0
BRH:0
end_of_record
TN:
SF:src\controllers\user.controller.ts
FN:5,(anonymous_9)
FN:15,(anonymous_10)
FN:30,(anonymous_11)
FN:40,(anonymous_12)
FN:50,(anonymous_13)
FN:60,(anonymous_14)
FNF:6
FNH:0
FNDA:0,(anonymous_9)
FNDA:0,(anonymous_10)
FNDA:0,(anonymous_11)
FNDA:0,(anonymous_12)
FNDA:0,(anonymous_13)
FNDA:0,(anonymous_14)
DA:2,3
DA:5,3
DA:6,0
DA:7,0
DA:8,0
DA:10,0
DA:15,3
DA:16,0
DA:17,0
DA:19,0
DA:20,0
DA:23,0
DA:25,0
DA:30,3
DA:31,0
DA:32,0
DA:33,0
DA:35,0
DA:40,3
DA:41,0
DA:42,0
DA:43,0
DA:45,0
DA:50,3
DA:51,0
DA:52,0
DA:53,0
DA:55,0
DA:60,3
DA:61,0
DA:63,0
DA:65,0
DA:66,0
DA:69,0
DA:71,0
DA:72,0
DA:75,0
DA:77,0
LF:38
LH:7
BRDA:19,0,0,0
BRDA:19,0,1,0
BRDA:65,1,0,0
BRDA:65,1,1,0
BRDA:71,2,0,0
BRDA:71,2,1,0
BRF:6
BRH:0
end_of_record
TN:
SF:src\middlewares\admin.middleware.ts
FN:4,(anonymous_0)
FNF:1
FNH:0
FNDA:0,(anonymous_0)
DA:4,3
DA:5,0
DA:7,0
DA:8,0
DA:11,0
DA:12,0
DA:15,0
DA:17,0
LF:8
LH:1
BRDA:7,0,0,0
BRDA:7,0,1,0
BRDA:11,1,0,0
BRDA:11,1,1,0
BRF:4
BRH:0
end_of_record
TN:
SF:src\middlewares\auth.middleware.ts
FN:19,(anonymous_1)
FNF:1
FNH:0
FNDA:0,(anonymous_1)
DA:2,3
DA:3,3
DA:6,3
DA:8,3
DA:19,3
DA:20,0
DA:22,0
DA:23,0
DA:26,0
DA:28,0
DA:29,0
DA:32,0
DA:33,0
DA:34,0
DA:35,0
DA:37,0
LF:16
LH:5
BRDA:8,0,0,3
BRDA:8,0,1,0
BRDA:22,1,0,0
BRDA:22,1,1,0
BRDA:22,2,0,0
BRDA:22,2,1,0
BRDA:28,3,0,0
BRDA:28,3,1,0
BRF:8
BRH:1
end_of_record
TN:
SF:src\middlewares\self.middleware.ts
FN:4,(anonymous_0)
FNF:1
FNH:0
FNDA:0,(anonymous_0)
DA:4,3
DA:5,0
DA:6,0
DA:7,0
DA:8,0
DA:10,0
DA:11,0
DA:15,0
DA:16,0
DA:20,0
DA:21,0
DA:24,0
DA:26,0
LF:13
LH:1
BRDA:10,0,0,0
BRDA:10,0,1,0
BRDA:15,1,0,0
BRDA:15,1,1,0
BRDA:20,2,0,0
BRDA:20,2,1,0
BRF:6
BRH:0
end_of_record
TN:
SF:src\middlewares\validate.middleware.ts
FN:5,(anonymous_0)
FN:5,(anonymous_1)
FNF:2
FNH:1
FNDA:18,(anonymous_0)
FNDA:0,(anonymous_1)
DA:5,18
DA:6,0
DA:7,0
DA:8,0
DA:10,0
LF:5
LH:1
BRF:0
BRH:0
end_of_record
TN:
SF:src\middlewares\validateObjectId.middleware.ts
FN:4,(anonymous_1)
FN:4,(anonymous_2)
FNF:2
FNH:1
FNDA:9,(anonymous_1)
FNDA:0,(anonymous_2)
DA:2,3
DA:4,9
DA:5,0
DA:6,0
DA:7,0
DA:9,0
LF:6
LH:2
BRDA:4,0,0,0
BRDA:6,1,0,0
BRDA:6,1,1,0
BRDA:6,2,0,0
BRDA:6,2,1,0
BRF:5
BRH:0
end_of_record
TN:
SF:src\models\schedule.model.ts
FNF:0
FNH:0
DA:1,3
DA:18,3
DA:29,3
DA:62,3
LF:4
LH:4
BRF:0
BRH:0
end_of_record
TN:
SF:src\models\user.model.ts
FNF:0
FNH:0
DA:1,3
DA:13,3
DA:48,3
LF:3
LH:3
BRF:0
BRH:0
end_of_record
TN:
SF:src\repositories\schedule.repository.ts
FN:4,(anonymous_1)
FN:8,(anonymous_2)
FN:15,(anonymous_3)
FN:23,(anonymous_4)
FNF:4
FNH:0
FNDA:0,(anonymous_1)
FNDA:0,(anonymous_2)
FNDA:0,(anonymous_3)
FNDA:0,(anonymous_4)
DA:1,3
DA:3,3
DA:5,0
DA:9,0
DA:16,0
DA:24,0
LF:6
LH:2
BRF:0
BRH:0
end_of_record
TN:
SF:src\repositories\user.repository.ts
FN:5,(anonymous_1)
FN:9,(anonymous_2)
FN:13,(anonymous_3)
FN:17,(anonymous_4)
FN:22,(anonymous_5)
FN:26,(anonymous_6)
FNF:6
FNH:0
FNDA:0,(anonymous_1)
FNDA:0,(anonymous_2)
FNDA:0,(anonymous_3)
FNDA:0,(anonymous_4)
FNDA:0,(anonymous_5)
FNDA:0,(anonymous_6)
DA:1,3
DA:4,3
DA:6,0
DA:10,0
DA:14,0
DA:18,0
DA:19,0
DA:23,0
DA:27,0
LF:9
LH:2
BRF:0
BRH:0
end_of_record
TN:
SF:src\routes\auth.routes.ts
FNF:0
FNH:0
DA:1,3
DA:2,3
DA:3,3
DA:4,3
DA:5,3
DA:7,3
DA:43,3
DA:71,3
DA:73,3
LF:9
LH:9
BRF:0
BRH:0
end_of_record
TN:
SF:src\routes\schedule.routes.ts
FNF:0
FNH:0
DA:1,3
DA:2,3
DA:3,3
DA:4,3
DA:5,3
DA:6,3
DA:8,3
DA:20,3
DA:44,3
DA:81,3
DA:115,3
DA:117,3
LF:12
LH:12
BRF:0
BRH:0
end_of_record
TN:
SF:src\routes\user.routes.ts
FNF:0
FNH:0
DA:1,3
DA:2,3
DA:3,3
DA:4,3
DA:5,3
DA:6,3
DA:7,3
DA:8,3
DA:10,3
DA:30,3
DA:46,3
DA:64,3
DA:92,3
DA:126,3
DA:154,3
DA:156,3
LF:16
LH:16
BRF:0
BRH:0
end_of_record
TN:
SF:src\services\auth.service.ts
FN:15,(anonymous_1)
FN:46,(anonymous_2)
FNF:2
FNH:0
FNDA:0,(anonymous_1)
FNDA:0,(anonymous_2)
DA:2,3
DA:3,3
DA:4,3
DA:5,3
DA:7,3
DA:9,3
DA:10,3
DA:12,3
DA:15,3
DA:16,0
DA:18,0
DA:20,0
DA:21,0
DA:23,0
DA:29,0
DA:31,0
DA:46,3
DA:53,0
DA:55,0
DA:56,0
DA:59,0
DA:61,0
DA:69,0
DA:70,0
DA:73,0
DA:75,0
LF:26
LH:10
BRDA:9,0,0,3
BRDA:9,0,1,0
BRDA:18,1,0,0
BRDA:18,1,1,0
BRDA:21,2,0,0
BRDA:21,2,1,0
BRDA:55,3,0,0
BRDA:55,3,1,0
BRDA:69,4,0,0
BRDA:69,4,1,0
BRF:10
BRH:1
end_of_record
TN:
SF:src\services\schedule.service.ts
FN:7,(anonymous_0)
FN:12,(anonymous_1)
FN:17,(anonymous_2)
FN:28,(anonymous_3)
FNF:4
FNH:0
FNDA:0,(anonymous_0)
FNDA:0,(anonymous_1)
FNDA:0,(anonymous_2)
FNDA:0,(anonymous_3)
DA:2,3
DA:4,3
DA:7,3
DA:8,0
DA:12,3
DA:13,0
DA:17,3
DA:22,0
DA:24,0
DA:28,3
DA:33,0
LF:11
LH:6
BRF:0
BRH:0
end_of_record
TN:
SF:src\services\user.service.ts
FN:9,(anonymous_1)
FN:14,(anonymous_2)
FN:19,(anonymous_3)
FN:24,(anonymous_4)
FN:34,(anonymous_5)
FN:54,(anonymous_6)
FN:59,(anonymous_7)
FNF:7
FNH:0
FNDA:0,(anonymous_1)
FNDA:0,(anonymous_2)
FNDA:0,(anonymous_3)
FNDA:0,(anonymous_4)
FNDA:0,(anonymous_5)
FNDA:0,(anonymous_6)
FNDA:0,(anonymous_7)
DA:2,3
DA:3,3
DA:5,3
DA:6,3
DA:9,3
DA:10,0
DA:14,3
DA:15,0
DA:19,3
DA:20,0
DA:24,3
DA:25,0
DA:26,0
DA:27,0
DA:30,0
DA:34,3
DA:36,0
DA:37,0
DA:40,0
DA:41,0
DA:45,0
DA:46,0
DA:47,0
DA:50,0
DA:54,3
DA:55,0
DA:59,3
DA:66,0
DA:68,0
DA:69,0
DA:72,0
DA:74,0
DA:82,0
DA:83,0
DA:86,0
DA:88,0
LF:36
LH:11
BRDA:25,0,0,0
BRDA:25,0,1,0
BRDA:36,1,0,0
BRDA:36,1,1,0
BRDA:40,2,0,0
BRDA:40,2,1,0
BRDA:40,3,0,0
BRDA:40,3,1,0
BRDA:45,4,0,0
BRDA:45,4,1,0
BRDA:68,5,0,0
BRDA:68,5,1,0
BRDA:82,6,0,0
BRDA:82,6,1,0
BRF:14
BRH:0
end_of_record
TN:
SF:src\validators\auth.validator.ts
FNF:0
FNH:0
DA:1,3
DA:3,3
DA:8,3
LF:3
LH:3
BRF:0
BRH:0
end_of_record
TN:
SF:src\validators\schedule.validator.ts
FNF:0
FNH:0
DA:1,3
DA:3,3
DA:8,3
DA:18,3
DA:24,3
LF:5
LH:5
BRF:0
BRH:0
end_of_record
TN:
SF:src\validators\user.validator.ts
FNF:0
FNH:0
DA:1,3
DA:3,3
DA:12,3
LF:3
LH:3
BRF:0
BRH:0
end_of_record
