TN:
SF:src\app.ts
FN:35,(anonymous_1)
FNF:1
FNH:0
FNDA:0,(anonymous_1)
DA:1,3
DA:2,3
DA:3,3
DA:4,3
DA:5,3
DA:8,3
DA:9,3
DA:10,3
DA:13,3
DA:15,3
DA:17,3
DA:20,3
DA:21,3
DA:22,3
DA:30,3
DA:31,3
DA:32,3
DA:35,3
DA:36,0
DA:43,3
LF:20
LH:19
BRDA:38,0,0,0
BRDA:38,0,1,0
BRF:2
BRH:0
end_of_record
TN:
SF:src\swagger.ts
FN:42,(anonymous_1)
FNF:1
FNH:1
FNDA:3,(anonymous_1)
DA:1,3
DA:2,3
DA:3,3
DA:5,3
DA:6,3
DA:8,3
DA:40,3
DA:42,3
DA:43,3
LF:9
LH:9
BRF:0
BRH:0
end_of_record
TN:
SF:src\controllers\auth.controller.ts
FN:5,(anonymous_9)
FN:21,(anonymous_10)
FNF:2
FNH:1
FNDA:20,(anonymous_9)
FNDA:0,(anonymous_10)
DA:2,3
DA:5,3
DA:6,20
DA:7,20
DA:8,20
DA:10,20
DA:11,1
DA:14,19
DA:16,0
DA:21,3
DA:22,0
DA:23,0
DA:24,0
DA:26,0
DA:31,0
LF:15
LH:9
BRDA:10,0,0,1
BRDA:10,0,1,19
BRF:2
BRH:2
end_of_record
TN:
SF:src\controllers\schedule.controller.ts
FN:5,(anonymous_9)
FN:15,(anonymous_10)
FN:25,(anonymous_11)
FN:36,(anonymous_12)
FNF:4
FNH:4
FNDA:4,(anonymous_9)
FNDA:1,(anonymous_10)
FNDA:1,(anonymous_11)
FNDA:1,(anonymous_12)
DA:2,3
DA:5,3
DA:6,4
DA:7,4
DA:8,4
DA:10,0
DA:15,3
DA:16,1
DA:17,1
DA:18,1
DA:20,0
DA:25,3
DA:26,1
DA:27,1
DA:28,1
DA:29,1
DA:31,0
DA:36,3
DA:37,1
DA:38,1
DA:39,1
DA:40,1
DA:42,0
LF:23
LH:19
BRF:0
BRH:0
end_of_record
TN:
SF:src\controllers\user.controller.ts
FN:5,(anonymous_9)
FN:15,(anonymous_10)
FN:30,(anonymous_11)
FN:40,(anonymous_12)
FN:50,(anonymous_13)
FN:60,(anonymous_14)
FNF:6
FNH:6
FNDA:1,(anonymous_9)
FNDA:1,(anonymous_10)
FNDA:1,(anonymous_11)
FNDA:2,(anonymous_12)
FNDA:1,(anonymous_13)
FNDA:1,(anonymous_14)
DA:2,3
DA:5,3
DA:6,1
DA:7,1
DA:8,1
DA:10,0
DA:15,3
DA:16,1
DA:17,1
DA:19,1
DA:20,0
DA:23,1
DA:25,0
DA:30,3
DA:31,1
DA:32,1
DA:33,1
DA:35,0
DA:40,3
DA:41,2
DA:42,2
DA:43,2
DA:45,0
DA:50,3
DA:51,1
DA:52,1
DA:53,1
DA:55,0
DA:60,3
DA:61,1
DA:63,1
DA:65,1
DA:66,0
DA:69,1
DA:71,1
DA:72,0
DA:75,1
DA:77,0
LF:38
LH:29
BRDA:19,0,0,0
BRDA:19,0,1,1
BRDA:65,1,0,0
BRDA:65,1,1,1
BRDA:71,2,0,0
BRDA:71,2,1,1
BRF:6
BRH:3
end_of_record
TN:
SF:src\middlewares\admin.middleware.ts
FN:4,(anonymous_0)
FNF:1
FNH:1
FNDA:12,(anonymous_0)
DA:4,3
DA:5,12
DA:7,12
DA:8,0
DA:12,12
DA:13,4
DA:16,8
DA:18,0
LF:8
LH:6
BRDA:7,0,0,0
BRDA:7,0,1,12
BRDA:12,1,0,4
BRDA:12,1,1,8
BRF:4
BRH:3
end_of_record
TN:
SF:src\middlewares\auth.middleware.ts
FN:20,(anonymous_1)
FNF:1
FNH:1
FNDA:16,(anonymous_1)
DA:2,3
DA:3,3
DA:6,3
DA:8,3
DA:20,3
DA:21,16
DA:23,16
DA:24,0
DA:27,16
DA:29,16
DA:30,0
DA:33,16
DA:34,16
DA:35,16
DA:36,16
DA:38,0
LF:16
LH:13
BRDA:8,0,0,3
BRDA:8,0,1,0
BRDA:23,1,0,0
BRDA:23,1,1,16
BRDA:23,2,0,16
BRDA:23,2,1,16
BRDA:29,3,0,0
BRDA:29,3,1,16
BRF:8
BRH:5
end_of_record
TN:
SF:src\middlewares\self.middleware.ts
FN:4,(anonymous_0)
FNF:1
FNH:1
FNDA:3,(anonymous_0)
DA:4,3
DA:5,3
DA:6,3
DA:7,3
DA:8,3
DA:10,3
DA:11,0
DA:15,3
DA:16,1
DA:20,2
DA:21,1
DA:24,1
DA:26,0
LF:13
LH:11
BRDA:10,0,0,0
BRDA:10,0,1,3
BRDA:15,1,0,1
BRDA:15,1,1,2
BRDA:20,2,0,1
BRDA:20,2,1,1
BRF:6
BRH:5
end_of_record
TN:
SF:src\middlewares\validate.middleware.ts
FN:5,(anonymous_0)
FN:5,(anonymous_1)
FNF:2
FNH:2
FNDA:18,(anonymous_0)
FNDA:27,(anonymous_1)
DA:5,18
DA:6,27
DA:8,27
DA:9,25
DA:12,2
LF:5
LH:5
BRF:0
BRH:0
end_of_record
TN:
SF:src\middlewares\validateObjectId.middleware.ts
FN:4,(anonymous_1)
FN:4,(anonymous_2)
FNF:2
FNH:2
FNDA:9,(anonymous_1)
FNDA:5,(anonymous_2)
DA:2,3
DA:4,9
DA:5,5
DA:6,5
DA:7,0
DA:9,5
LF:6
LH:5
BRDA:4,0,0,0
BRDA:6,1,0,0
BRDA:6,1,1,5
BRDA:6,2,0,5
BRDA:6,2,1,5
BRF:5
BRH:3
end_of_record
TN:
SF:src\models\schedule.model.ts
FNF:0
FNH:0
DA:1,3
DA:18,3
DA:29,3
DA:62,3
LF:4
LH:4
BRF:0
BRH:0
end_of_record
TN:
SF:src\models\user.model.ts
FNF:0
FNH:0
DA:1,3
DA:13,3
DA:48,3
LF:3
LH:3
BRF:0
BRH:0
end_of_record
TN:
SF:src\repositories\schedule.repository.ts
FN:4,(anonymous_1)
FN:8,(anonymous_2)
FN:15,(anonymous_3)
FN:23,(anonymous_4)
FNF:4
FNH:4
FNDA:4,(anonymous_1)
FNDA:1,(anonymous_2)
FNDA:1,(anonymous_3)
FNDA:1,(anonymous_4)
DA:1,3
DA:3,3
DA:5,4
DA:9,1
DA:16,1
DA:24,1
LF:6
LH:6
BRF:0
BRH:0
end_of_record
TN:
SF:src\repositories\user.repository.ts
FN:5,(anonymous_1)
FN:9,(anonymous_2)
FN:13,(anonymous_3)
FN:17,(anonymous_4)
FN:22,(anonymous_5)
FN:26,(anonymous_6)
FNF:6
FNH:6
FNDA:1,(anonymous_1)
FNDA:2,(anonymous_2)
FNDA:20,(anonymous_3)
FNDA:1,(anonymous_4)
FNDA:2,(anonymous_5)
FNDA:1,(anonymous_6)
DA:1,3
DA:4,3
DA:6,1
DA:10,2
DA:14,20
DA:18,1
DA:19,1
DA:23,2
DA:27,1
LF:9
LH:9
BRF:0
BRH:0
end_of_record
TN:
SF:src\routes\auth.routes.ts
FNF:0
FNH:0
DA:1,3
DA:2,3
DA:3,3
DA:4,3
DA:5,3
DA:7,3
DA:43,3
DA:71,3
DA:73,3
LF:9
LH:9
BRF:0
BRH:0
end_of_record
TN:
SF:src\routes\schedule.routes.ts
FNF:0
FNH:0
DA:1,3
DA:2,3
DA:3,3
DA:4,3
DA:5,3
DA:6,3
DA:8,3
DA:20,3
DA:44,3
DA:81,3
DA:115,3
DA:117,3
LF:12
LH:12
BRF:0
BRH:0
end_of_record
TN:
SF:src\routes\user.routes.ts
FNF:0
FNH:0
DA:1,3
DA:2,3
DA:3,3
DA:4,3
DA:5,3
DA:6,3
DA:7,3
DA:8,3
DA:10,3
DA:30,3
DA:46,3
DA:64,3
DA:92,3
DA:126,3
DA:154,3
DA:156,3
LF:16
LH:16
BRF:0
BRH:0
end_of_record
TN:
SF:src\services\auth.service.ts
FN:15,(anonymous_1)
FN:46,(anonymous_2)
FNF:2
FNH:1
FNDA:20,(anonymous_1)
FNDA:0,(anonymous_2)
DA:2,3
DA:3,3
DA:4,3
DA:5,3
DA:7,3
DA:9,3
DA:10,3
DA:12,3
DA:15,3
DA:16,20
DA:18,20
DA:20,20
DA:21,20
DA:23,19
DA:29,19
DA:31,19
DA:46,3
DA:53,0
DA:55,0
DA:56,0
DA:59,0
DA:61,0
DA:69,0
DA:70,0
DA:73,0
DA:75,0
LF:26
LH:17
BRDA:9,0,0,3
BRDA:9,0,1,0
BRDA:18,1,0,0
BRDA:18,1,1,20
BRDA:21,2,0,1
BRDA:21,2,1,19
BRDA:55,3,0,0
BRDA:55,3,1,0
BRDA:69,4,0,0
BRDA:69,4,1,0
BRF:10
BRH:4
end_of_record
TN:
SF:src\services\schedule.service.ts
FN:7,(anonymous_0)
FN:12,(anonymous_1)
FN:17,(anonymous_2)
FN:28,(anonymous_3)
FNF:4
FNH:4
FNDA:4,(anonymous_0)
FNDA:1,(anonymous_1)
FNDA:1,(anonymous_2)
FNDA:1,(anonymous_3)
DA:2,3
DA:4,3
DA:7,3
DA:8,4
DA:12,3
DA:13,1
DA:17,3
DA:22,1
DA:24,1
DA:28,3
DA:33,1
LF:11
LH:11
BRF:0
BRH:0
end_of_record
TN:
SF:src\services\user.service.ts
FN:9,(anonymous_1)
FN:14,(anonymous_2)
FN:19,(anonymous_3)
FN:24,(anonymous_4)
FN:34,(anonymous_5)
FN:44,(anonymous_6)
FN:49,(anonymous_7)
FNF:7
FNH:5
FNDA:1,(anonymous_1)
FNDA:2,(anonymous_2)
FNDA:0,(anonymous_3)
FNDA:1,(anonymous_4)
FNDA:2,(anonymous_5)
FNDA:1,(anonymous_6)
FNDA:0,(anonymous_7)
DA:2,3
DA:3,3
DA:5,3
DA:6,3
DA:9,3
DA:10,1
DA:14,3
DA:15,2
DA:19,3
DA:20,0
DA:24,3
DA:25,1
DA:26,1
DA:27,1
DA:30,1
DA:34,3
DA:35,2
DA:36,0
DA:37,0
DA:40,2
DA:44,3
DA:45,1
DA:49,3
DA:56,0
DA:58,0
DA:59,0
DA:62,0
DA:64,0
DA:72,0
DA:73,0
DA:76,0
DA:78,0
LF:32
LH:20
BRDA:25,0,0,1
BRDA:25,0,1,0
BRDA:35,1,0,0
BRDA:35,1,1,2
BRDA:58,2,0,0
BRDA:58,2,1,0
BRDA:72,3,0,0
BRDA:72,3,1,0
BRF:8
BRH:2
end_of_record
TN:
SF:src\validators\auth.validator.ts
FNF:0
FNH:0
DA:1,3
DA:3,3
DA:8,3
LF:3
LH:3
BRF:0
BRH:0
end_of_record
TN:
SF:src\validators\schedule.validator.ts
FNF:0
FNH:0
DA:1,3
DA:3,3
DA:8,3
DA:18,3
DA:24,3
LF:5
LH:5
BRF:0
BRH:0
end_of_record
TN:
SF:src\validators\user.validator.ts
FNF:0
FNH:0
DA:1,3
DA:3,3
DA:12,3
LF:3
LH:3
BRF:0
BRH:0
end_of_record
